#
# A fatal error has been detected by the Java Runtime Environment:
#
#  EXCEPTION_ACCESS_VIOLATION (0xc0000005) at pc=0x00007ff974e26a17, pid=49848, tid=25040
#
# JRE version: OpenJDK Runtime Environment (22.0.2+9) (build 22.0.2+9-70)
# Java VM: OpenJDK 64-Bit Server VM (22.0.2+9-70, mixed mode, sharing, tiered, compressed oops, compressed class ptrs, g1 gc, windows-amd64)
# Problematic frame:
# C  [glass.dll+0x26a17]
#
# No core dump will be written. Minidumps are not enabled by default on client versions of Windows
#
# If you would like to submit a bug report, please visit:
#   https://bugreport.java.com/bugreport/crash.jsp
#

---------------  S U M M A R Y ------------

Command Line: --module-path=C:\Users\irene\IdeaProjects\BancoApp\oo\tareas\construccion\javafx-sdk-21.0.7\lib --add-modules=javafx.controls,javafx.fxml -javaagent:C:\Users\irene\AppData\Local\JetBrains\IntelliJ IDEA 2024.2.1\lib\idea_rt.jar=54714:C:\Users\irene\AppData\Local\JetBrains\IntelliJ IDEA 2024.2.1\bin -Dfile.encoding=UTF-8 -Dsun.stdout.encoding=UTF-8 -Dsun.stderr.encoding=UTF-8 TestInicioSesionGUI

Host: AMD Ryzen 7 8845HS w/ Radeon 780M Graphics, 16 cores, 15G,  Windows 11 , 64 bit Build 26100 (10.0.26100.3912)
Time: Thu Jun 19 21:12:31 2025 Hora estándar central (México) elapsed time: 55.300245 seconds (0d 0h 0m 55s)

---------------  T H R E A D  ---------------

Current thread (0x00000170c4600650):  VMThread "VM Thread"          [id=25040, stack(0x00000017add00000,0x00000017ade00000) (1024K)]

Stack: [0x00000017add00000,0x00000017ade00000],  sp=0x00000017addff150,  free space=1020k
Native frames: (J=compiled Java code, j=interpreted, Vv=VM code, C=native code)
C  [glass.dll+0x26a17]  (no source info available)
C  [ucrtbase.dll+0x4bc75]  (no source info available)
C  [ucrtbase.dll+0x4b897]  (no source info available)
C  [ucrtbase.dll+0x4b84d]  (no source info available)
C  [glass.dll+0x241ed]  (no source info available)
C  [glass.dll+0x24312]  (no source info available)
C  [ntdll.dll+0x88083]  (no source info available)
C  [ntdll.dll+0x9da1f]  (no source info available)
C  [ntdll.dll+0x9c794]  (no source info available)
C  [KERNEL32.DLL+0x418ab]  (no source info available)
C  [ucrtbase.dll+0xa0093]  (no source info available)
V  [jvm.dll+0x6db87b]  (no source info available)
V  [jvm.dll+0x6db3b0]  (no source info available)
V  [jvm.dll+0x3e2314]  (no source info available)
V  [jvm.dll+0x87e0f0]  (no source info available)
V  [jvm.dll+0x87f477]  (no source info available)
V  [jvm.dll+0x87f9f0]  (no source info available)
V  [jvm.dll+0x87fc93]  (no source info available)
V  [jvm.dll+0x81dc0b]  (no source info available)
V  [jvm.dll+0x6e0d85]  (no source info available)
C  [ucrtbase.dll+0x37b0]  (no source info available)
C  [KERNEL32.DLL+0x2e8d7]  (no source info available)
C  [ntdll.dll+0x9c5dc]  (no source info available)


siginfo: EXCEPTION_ACCESS_VIOLATION (0xc0000005), reading address 0x0000000000000000


Registers:
RAX=0x0000000000000000, RBX=0x00000171197a91aa, RCX=0x00000170c4600650, RDX=0x00000017addff150
RSP=0x00000017addff150, RBP=0x00005bc47fa3727a, RSI=0x000001710a239cf8, RDI=0x000001710a239cd0
R8 =0x0000000000010002, R9 =0x00005bc47fa3727a, R10=0x00000170a2cd0000, R11=0x0000000000000050
R12=0x00007ff974e00000, R13=0x000000007ffe0385, R14=0x00000017addff258, R15=0x000001710a239cd0
RIP=0x00007ff974e26a17, EFLAGS=0x0000000000010206


Register to memory mapping:

RAX=0x0 is null
RBX=0x00000171197a91aa is a global jni handle
RCX=0x00000170c4600650 points into unknown readable memory: 0x00007ff8f7215060 | 60 50 21 f7 f8 7f 00 00
RDX=0x00000017addff150 points into unknown readable memory: 0x0000000000000000 | 00 00 00 00 00 00 00 00
RSP=0x00000017addff150 points into unknown readable memory: 0x0000000000000000 | 00 00 00 00 00 00 00 00
RBP=0x00005bc47fa3727a is an unknown value
RSI=0x000001710a239cf8 points into unknown readable memory: 0x00005bc47fa3727a | 7a 72 a3 7f c4 5b 00 00
RDI=0x000001710a239cd0 points into unknown readable memory: 0xe0005a3b9a70fa83 | 83 fa 70 9a 3b 5a 00 e0
R8 =0x0000000000010002 is an unknown value
R9 =0x00005bc47fa3727a is an unknown value
R10=0x00000170a2cd0000 points into unknown readable memory: 0x0000000000000000 | 00 00 00 00 00 00 00 00
R11=0x0000000000000050 is an unknown value
R12=0x00007ff974e00000 glass.dll
R13=0x000000007ffe0385 points into unknown readable memory: 00 00 00
R14=0x00000017addff258 points into unknown readable memory: 0x00000017addff240 | 40 f2 df ad 17 00 00 00
R15=0x000001710a239cd0 points into unknown readable memory: 0xe0005a3b9a70fa83 | 83 fa 70 9a 3b 5a 00 e0

Top of Stack: (sp=0x00000017addff150)
0x00000017addff150:   0000000000000000 0000017100000000
0x00000017addff160:   000001710a5e7930 00007ff974e00000
0x00000017addff170:   000001710a239cd8 00007ff9a861bc75
0x00000017addff180:   000001710a239cd0 0000017100000000
0x00000017addff190:   000001710a239cf0 00005bc47fa3727a
0x00000017addff1a0:   fffffffffffffffe 00007ff982580000
0x00000017addff1b0:   0000000000000000 00007ff974e00000
0x00000017addff1c0:   00000017addff248 00007ff9a861b897
0x00000017addff1d0:   00000017addff200 00000017addff258
0x00000017addff1e0:   00000017addff780 00007ff9a87088c0
0x00000017addff1f0:   0000000000000001 00007ff9a861b84d
0x00000017addff200:   0000000000000000 0000000000000001
0x00000017addff210:   00007ff981eb30e0 00000017addff248
0x00000017addff220:   fffffffffffffffe 00000017addff210
0x00000017addff230:   0000000000000000 00007ff974e241ed
0x00000017addff240:   00007ff974e3a008 0000000000000002
0x00000017addff250:   0000000000000002 00000017addff240
0x00000017addff260:   0000000000000000 00007ff9a6b8908d
0x00000017addff270:   0000000000000000 00007ff974e24312
0x00000017addff280:   0000000000000001 0000000000000001
0x00000017addff290:   0000000000000001 0000000000000001
0x00000017addff2a0:   000000007ffe0384 00007ff9ab122888
0x00000017addff2b0:   0000000000000001 00000017addff780
0x00000017addff2c0:   00007ff974e24360 0000000000000001
0x00000017addff2d0:   0000000000000001 00007ff9ab2a8083
0x00000017addff2e0:   00007ff974e00000 0000000000000000
0x00000017addff2f0:   0000000000000001 000000007ffe0384
0x00000017addff300:   00000000000000bc 0000000000000000
0x00000017addff310:   0000000000000000 0000000000000000
0x00000017addff320:   00007ff974e00000 ffffcc9c00000000
0x00000017addff330:   00000000000000e5 0000000000000000
0x00000017addff340:   0000000000000000 00000170a2ec6140 

Instructions: (pc=0x00007ff974e26a17)
0x00007ff974e26917:   8b 4d 58 e8 8d cf ff ff 48 8b 4d 60 e8 84 cf ff
0x00007ff974e26927:   ff 48 8b 95 80 00 00 00 48 8b 8d 18 01 00 00 e8
0x00007ff974e26937:   76 c4 ff ff 33 d2 33 c9 e8 cc e1 ff ff 90 48 89
0x00007ff974e26947:   54 24 10 55 48 83 ec 20 48 8b ea 48 b8 00 00 00
0x00007ff974e26957:   00 00 00 00 00 48 83 c4 20 5d c3 cc 40 55 48 8b
0x00007ff974e26967:   ea 48 8b 01 33 c9 81 38 05 00 00 c0 0f 94 c1 8b
0x00007ff974e26977:   c1 5d c3 cc 40 55 48 83 ec 20 48 8b ea 8a 4d 40
0x00007ff974e26987:   48 83 c4 20 5d e9 73 d3 ff ff cc 40 55 48 83 ec
0x00007ff974e26997:   20 48 8b ea 8a 4d 20 e8 61 d3 ff ff 90 48 83 c4
0x00007ff974e269a7:   20 5d c3 cc 40 55 48 83 ec 20 48 8b ea 48 83 c4
0x00007ff974e269b7:   20 5d e9 c2 d1 ff ff cc 40 55 48 83 ec 30 48 8b
0x00007ff974e269c7:   ea 48 8b 01 8b 10 48 89 4c 24 28 89 54 24 20 4c
0x00007ff974e269d7:   8d 0d 63 d6 ff ff 4c 8b 45 70 8b 55 68 48 8b 4d
0x00007ff974e269e7:   60 e8 03 d1 ff ff 90 48 83 c4 30 5d c3 cc cc cc
0x00007ff974e269f7:   cc cc cc cc cc cc cc cc cc 40 53 48 83 ec 20 48
0x00007ff974e26a07:   8b 1d fb 2f 01 00 48 85 db 74 16 e8 89 8f ff ff
0x00007ff974e26a17:   4c 8b 00 48 8b d3 48 8b c8 41 ff 90 b0 00 00 00
0x00007ff974e26a27:   90 48 83 c4 20 5b c3 cc cc 40 53 48 83 ec 20 48
0x00007ff974e26a37:   8b 1d 6b 31 01 00 48 85 db 74 57 b8 ff ff ff ff
0x00007ff974e26a47:   f0 0f c1 43 10 83 f8 01 75 3d 48 85 db 74 38 48
0x00007ff974e26a57:   8b 0b 48 85 c9 74 0d ff 15 44 08 00 00 48 c7 03
0x00007ff974e26a67:   00 00 00 00 48 8b 4b 08 48 85 c9 74 0d e8 33 ce
0x00007ff974e26a77:   ff ff 48 c7 43 08 00 00 00 00 ba 18 00 00 00 48
0x00007ff974e26a87:   8b cb e8 1e ce ff ff 48 c7 05 0f 31 01 00 00 00
0x00007ff974e26a97:   00 00 48 83 c4 20 5b c3 cc 40 53 48 83 ec 20 48
0x00007ff974e26aa7:   8b 1d db 30 01 00 48 85 db 74 57 b8 ff ff ff ff
0x00007ff974e26ab7:   f0 0f c1 43 10 83 f8 01 75 3d 48 85 db 74 38 48
0x00007ff974e26ac7:   8b 0b 48 85 c9 74 0d ff 15 d4 07 00 00 48 c7 03
0x00007ff974e26ad7:   00 00 00 00 48 8b 4b 08 48 85 c9 74 0d e8 c3 cd
0x00007ff974e26ae7:   ff ff 48 c7 43 08 00 00 00 00 ba 18 00 00 00 48
0x00007ff974e26af7:   8b cb e8 ae cd ff ff 48 c7 05 7f 30 01 00 00 00
0x00007ff974e26b07:   00 00 48 83 c4 20 5b c3 cc 40 53 48 83 ec 20 48 


Stack slot to memory mapping:

stack at sp + 0 slots: 0x0 is null
stack at sp + 1 slots: 0x0000017100000000 is an unknown value
stack at sp + 2 slots: 0x000001710a5e7930 points into unknown readable memory: 0x000001710a5e8170 | 70 81 5e 0a 71 01 00 00
stack at sp + 3 slots: 0x00007ff974e00000 glass.dll
stack at sp + 4 slots: 0x000001710a239cd8 points into unknown readable memory: 0x00005bc47fa3727a | 7a 72 a3 7f c4 5b 00 00
stack at sp + 5 slots: 0x00007ff9a861bc75 ucrtbase.dll
stack at sp + 6 slots: 0x000001710a239cd0 points into unknown readable memory: 0xe0005a3b9a70fa83 | 83 fa 70 9a 3b 5a 00 e0
stack at sp + 7 slots: 0x0000017100000000 is an unknown value

VM_Operation (0x00000017ae7ff390): Exit, mode: safepoint, requested by thread 0x000001710a1dc0d0


---------------  P R O C E S S  ---------------

Threads class SMR info:
_java_thread_list=0x000001710a1b8010, length=21, elements={
0x00000170a2bf9d40, 0x00000170c461a010, 0x00000170c461aa70, 0x00000170c461e8f0,
0x00000170c461f350, 0x00000170c46214d0, 0x00000170c462cb80, 0x00000170c48a0090,
0x00000170c48c2780, 0x00000170c49c6170, 0x000001710a6c9b40, 0x000001710a98ca60,
0x000001710a487440, 0x000001710a4887f0, 0x000001710a486720, 0x000001710a488e80,
0x000001710a486090, 0x000001710a487ad0, 0x000001710a488160, 0x000001710a1dcdf0,
0x000001710a1dc0d0
}

Java Threads: ( => current thread )
  0x00000170a2bf9d40 JavaThread "main"                              [_thread_blocked, id=34692, stack(0x00000017ad600000,0x00000017ad700000) (1024K)]
  0x00000170c461a010 JavaThread "Reference Handler"          daemon [_thread_blocked, id=30812, stack(0x00000017ade00000,0x00000017adf00000) (1024K)]
  0x00000170c461aa70 JavaThread "Finalizer"                  daemon [_thread_blocked, id=50616, stack(0x00000017adf00000,0x00000017ae000000) (1024K)]
  0x00000170c461e8f0 JavaThread "Signal Dispatcher"          daemon [_thread_blocked, id=44780, stack(0x00000017ae000000,0x00000017ae100000) (1024K)]
  0x00000170c461f350 JavaThread "Attach Listener"            daemon [_thread_blocked, id=9336, stack(0x00000017ae100000,0x00000017ae200000) (1024K)]
  0x00000170c46214d0 JavaThread "Service Thread"             daemon [_thread_blocked, id=6200, stack(0x00000017ae200000,0x00000017ae300000) (1024K)]
  0x00000170c462cb80 JavaThread "Monitor Deflation Thread"   daemon [_thread_blocked, id=35912, stack(0x00000017ae300000,0x00000017ae400000) (1024K)]
  0x00000170c48a0090 JavaThread "C2 CompilerThread0"         daemon [_thread_blocked, id=21916, stack(0x00000017ae400000,0x00000017ae500000) (1024K)]
  0x00000170c48c2780 JavaThread "C1 CompilerThread0"         daemon [_thread_blocked, id=22040, stack(0x00000017ae500000,0x00000017ae600000) (1024K)]
  0x00000170c49c6170 JavaThread "Common-Cleaner"             daemon [_thread_blocked, id=46364, stack(0x00000017ae600000,0x00000017ae700000) (1024K)]
  0x000001710a6c9b40 JavaThread "Monitor Ctrl-Break"         daemon [_thread_in_native, id=48392, stack(0x00000017aef00000,0x00000017af000000) (1024K)]
  0x000001710a98ca60 JavaThread "Notification Thread"        daemon [_thread_blocked, id=11372, stack(0x00000017af000000,0x00000017af100000) (1024K)]
  0x000001710a487440 JavaThread "QuantumRenderer-0"          daemon [_thread_blocked, id=24308, stack(0x00000017aee00000,0x00000017aef00000) (1024K)]
  0x000001710a4887f0 JavaThread "InvokeLaterDispatcher"      daemon [_thread_blocked, id=37672, stack(0x00000017af100000,0x00000017af200000) (1024K)]
  0x000001710a486720 JavaThread "JavaFX Application Thread"         [_thread_in_native, id=51204, stack(0x00000017af200000,0x00000017af300000) (1024K)]
  0x000001710a488e80 JavaThread "JavaFX-Launcher"                   [_thread_blocked, id=54196, stack(0x00000017aeb00000,0x00000017aec00000) (1024K)]
  0x000001710a486090 JavaThread "Thread-2"                   daemon [_thread_in_native, id=38988, stack(0x00000017aea00000,0x00000017aeb00000) (1024K)]
  0x000001710a487ad0 JavaThread "Prism Font Disposer"        daemon [_thread_blocked, id=16880, stack(0x00000017b1200000,0x00000017b1300000) (1024K)]
  0x000001710a488160 JavaThread "Cleaner-0"                  daemon [_thread_blocked, id=11064, stack(0x00000017b1600000,0x00000017b1700000) (1024K)]
  0x000001710a1dcdf0 JavaThread "mysql-cj-abandoned-connection-cleanup" daemon [_thread_blocked, id=51388, stack(0x00000017b1700000,0x00000017b1800000) (1024K)]
  0x000001710a1dc0d0 JavaThread "SIGINT handler"             daemon [_thread_blocked, id=3008, stack(0x00000017ae700000,0x00000017ae800000) (1024K)]
Total: 21

Other Threads:
=>0x00000170c4600650 VMThread "VM Thread"                           [id=25040, stack(0x00000017add00000,0x00000017ade00000) (1024K)]
  0x00000170a478ae70 WorkerThread "GC Thread#0"                     [id=47712, stack(0x00000017ad700000,0x00000017ad800000) (1024K)]
  0x000001710b4b9a40 WorkerThread "GC Thread#1"                     [id=16184, stack(0x00000017aec00000,0x00000017aed00000) (1024K)]
  0x000001710b4ba200 WorkerThread "GC Thread#2"                     [id=39296, stack(0x00000017aed00000,0x00000017aee00000) (1024K)]
  0x000001710b4ba5b0 WorkerThread "GC Thread#3"                     [id=49520, stack(0x00000017b0300000,0x00000017b0400000) (1024K)]
  0x000001710b4ba960 WorkerThread "GC Thread#4"                     [id=39812, stack(0x00000017b0400000,0x00000017b0500000) (1024K)]
  0x000001710b4baf20 WorkerThread "GC Thread#5"                     [id=52392, stack(0x00000017b0500000,0x00000017b0600000) (1024K)]
  0x000001710b5a9b50 WorkerThread "GC Thread#6"                     [id=37492, stack(0x00000017b0800000,0x00000017b0900000) (1024K)]
  0x000001710b5aa660 WorkerThread "GC Thread#7"                     [id=28160, stack(0x00000017b0900000,0x00000017b0a00000) (1024K)]
  0x000001711932d320 WorkerThread "GC Thread#8"                     [id=4004, stack(0x00000017b0a00000,0x00000017b0b00000) (1024K)]
  0x000001711932f0a0 WorkerThread "GC Thread#9"                     [id=32216, stack(0x00000017b0b00000,0x00000017b0c00000) (1024K)]
  0x000001711932f800 WorkerThread "GC Thread#10"                    [id=11972, stack(0x00000017b0c00000,0x00000017b0d00000) (1024K)]
  0x000001711932da80 WorkerThread "GC Thread#11"                    [id=23660, stack(0x00000017b0d00000,0x00000017b0e00000) (1024K)]
  0x000001711932fbb0 WorkerThread "GC Thread#12"                    [id=37288, stack(0x00000017b0e00000,0x00000017b0f00000) (1024K)]
  0x00000170a479b1b0 ConcurrentGCThread "G1 Main Marker"            terminated
  0x00000170a479d9a0 WorkerThread "G1 Conc#0"                       [id=40820, stack(0x00000017ad900000,0x00000017ada00000) (1024K)]
  0x000001711932c0b0 WorkerThread "G1 Conc#1"                       [id=42860, stack(0x00000017b1300000,0x00000017b1400000) (1024K)]
  0x000001711932d6d0 WorkerThread "G1 Conc#2"                       [id=44832, stack(0x00000017b1400000,0x00000017b1500000) (1024K)]
  0x00000170c44bbbc0 ConcurrentGCThread "G1 Refine#0"               terminated
  0x00000170c44bc3f0 ConcurrentGCThread "G1 Service"                terminated
Total: 20

Threads with active compile tasks:
Total: 0

VM state: at safepoint (shutting down)

VM Mutex/Monitor currently owned by a thread:  ([mutex/lock_event])
[0x00007ff8f73ecb80] Threads_lock - owner thread: 0x00000170c4600650
[0x00007ff8f73ecc80] Heap_lock - owner thread: 0x000001710a1dc0d0

Heap address: 0x000000070bc00000, size: 3908 MB, Compressed Oops mode: Zero based, Oop shift amount: 3

CDS archive(s) mapped at: [0x00000170c5000000-0x00000170c5c60000-0x00000170c5c60000), size 12976128, SharedBaseAddress: 0x00000170c5000000, ArchiveRelocationMode: 1.
Compressed class space mapped at: 0x00000170c6000000-0x0000017106000000, reserved size: 1073741824
Narrow klass base: 0x00000170c5000000, Narrow klass shift: 0, Narrow klass range: 0x41000000

GC Precious Log:
 CardTable entry size: 512
 Card Set container configuration: InlinePtr #cards 4 size 8 Array Of Cards #cards 16 size 48 Howl #buckets 8 coarsen threshold 3686 Howl Bitmap #cards 512 size 80 coarsen threshold 460 Card regions per heap region 1 cards per card region 4096
 CPUs: 16 total, 16 available
 Memory: 15631M
 Large Page Support: Disabled
 NUMA Support: Disabled
 Compressed Oops: Enabled (Zero based)
 Heap Region Size: 2M
 Heap Min Capacity: 8M
 Heap Initial Capacity: 246M
 Heap Max Capacity: 3908M
 Pre-touch: Disabled
 Parallel Workers: 13
 Concurrent Workers: 3
 Concurrent Refinement Workers: 13
 Periodic GC: Disabled

Heap:
 garbage-first heap   total reserved 4001792K, committed 69632K, used 43762K [0x000000070bc00000, 0x0000000800000000)
  region size 2048K, 6 young (12288K), 2 survivors (4096K)
 Metaspace       used 39411K, committed 39872K, reserved 1114112K
  class space    used 5219K, committed 5440K, reserved 1048576K

Heap Regions: E=young(eden), S=young(survivor), O=old, HS=humongous(starts), HC=humongous(continues), CS=collection set, F=free, TAMS=top-at-mark-start, PB=parsable bottom
|   0|0x000000070bc00000, 0x000000070be00000, 0x000000070be00000|100%| O|  |TAMS 0x000000070bc00000| PB 0x000000070bc00000| Untracked |  0
|   1|0x000000070be00000, 0x000000070c000000, 0x000000070c000000|100%| O|  |TAMS 0x000000070be00000| PB 0x000000070be00000| Untracked |  0
|   2|0x000000070c000000, 0x000000070c200000, 0x000000070c200000|100%|HS|  |TAMS 0x000000070c000000| PB 0x000000070c000000| Complete |  0
|   3|0x000000070c200000, 0x000000070c400000, 0x000000070c400000|100%|HS|  |TAMS 0x000000070c200000| PB 0x000000070c200000| Complete |  0
|   4|0x000000070c400000, 0x000000070c600000, 0x000000070c600000|100%| O|  |TAMS 0x000000070c400000| PB 0x000000070c400000| Untracked |  0
|   5|0x000000070c600000, 0x000000070c800000, 0x000000070c800000|100%| O|  |TAMS 0x000000070c600000| PB 0x000000070c600000| Untracked |  0
|   6|0x000000070c800000, 0x000000070ca00000, 0x000000070ca00000|100%| O|  |TAMS 0x000000070c800000| PB 0x000000070c800000| Untracked |  0
|   7|0x000000070ca00000, 0x000000070cc00000, 0x000000070cc00000|100%| O|  |TAMS 0x000000070ca00000| PB 0x000000070ca00000| Untracked |  0
|   8|0x000000070cc00000, 0x000000070ce00000, 0x000000070ce00000|100%| O|  |TAMS 0x000000070cc00000| PB 0x000000070cc00000| Untracked |  0
|   9|0x000000070ce00000, 0x000000070d000000, 0x000000070d000000|100%| O|  |TAMS 0x000000070ce00000| PB 0x000000070ce00000| Untracked |  0
|  10|0x000000070d000000, 0x000000070d200000, 0x000000070d200000|100%| O|  |TAMS 0x000000070d000000| PB 0x000000070d000000| Untracked |  0
|  11|0x000000070d200000, 0x000000070d200000, 0x000000070d400000|  0%| F|  |TAMS 0x000000070d200000| PB 0x000000070d200000| Untracked |  0
|  12|0x000000070d400000, 0x000000070d400000, 0x000000070d600000|  0%| F|  |TAMS 0x000000070d400000| PB 0x000000070d400000| Untracked |  0
|  13|0x000000070d600000, 0x000000070d800000, 0x000000070d800000|100%| O|  |TAMS 0x000000070d600000| PB 0x000000070d600000| Untracked |  0
|  14|0x000000070d800000, 0x000000070d800000, 0x000000070da00000|  0%| F|  |TAMS 0x000000070d800000| PB 0x000000070d800000| Untracked |  0
|  15|0x000000070da00000, 0x000000070dc00000, 0x000000070dc00000|100%| O|  |TAMS 0x000000070da00000| PB 0x000000070da00000| Untracked |  0
|  16|0x000000070dc00000, 0x000000070de00000, 0x000000070de00000|100%| O|  |TAMS 0x000000070dc00000| PB 0x000000070dc00000| Untracked |  0
|  17|0x000000070de00000, 0x000000070e000000, 0x000000070e000000|100%| O|  |TAMS 0x000000070de00000| PB 0x000000070de00000| Untracked |  0
|  18|0x000000070e000000, 0x000000070e0ed060, 0x000000070e200000| 46%| O|  |TAMS 0x000000070e000000| PB 0x000000070e000000| Untracked |  0
|  19|0x000000070e200000, 0x000000070e200000, 0x000000070e400000|  0%| F|  |TAMS 0x000000070e200000| PB 0x000000070e200000| Untracked |  0
|  20|0x000000070e400000, 0x000000070e400000, 0x000000070e600000|  0%| F|  |TAMS 0x000000070e400000| PB 0x000000070e400000| Untracked |  0
|  21|0x000000070e600000, 0x000000070e600000, 0x000000070e800000|  0%| F|  |TAMS 0x000000070e600000| PB 0x000000070e600000| Untracked |  0
|  22|0x000000070e800000, 0x000000070e800000, 0x000000070ea00000|  0%| F|  |TAMS 0x000000070e800000| PB 0x000000070e800000| Untracked |  0
|  23|0x000000070ea00000, 0x000000070ebcf7b8, 0x000000070ec00000| 90%| S|CS|TAMS 0x000000070ea00000| PB 0x000000070ea00000| Complete |  0
|  24|0x000000070ec00000, 0x000000070ee00000, 0x000000070ee00000|100%| S|CS|TAMS 0x000000070ec00000| PB 0x000000070ec00000| Complete |  0
|  25|0x000000070ee00000, 0x000000070ee00000, 0x000000070f000000|  0%| F|  |TAMS 0x000000070ee00000| PB 0x000000070ee00000| Untracked |  0
|  26|0x000000070f000000, 0x000000070f000000, 0x000000070f200000|  0%| F|  |TAMS 0x000000070f000000| PB 0x000000070f000000| Untracked |  0
|  27|0x000000070f200000, 0x000000070f200000, 0x000000070f400000|  0%| F|  |TAMS 0x000000070f200000| PB 0x000000070f200000| Untracked |  0
| 104|0x0000000718c00000, 0x0000000718c00000, 0x0000000718e00000|  0%| F|  |TAMS 0x0000000718c00000| PB 0x0000000718c00000| Untracked |  0
| 105|0x0000000718e00000, 0x0000000718e1a5a8, 0x0000000719000000|  5%| E|  |TAMS 0x0000000718e00000| PB 0x0000000718e00000| Complete |  0
| 106|0x0000000719000000, 0x0000000719200000, 0x0000000719200000|100%| E|CS|TAMS 0x0000000719000000| PB 0x0000000719000000| Complete |  0
| 107|0x0000000719200000, 0x0000000719400000, 0x0000000719400000|100%| E|CS|TAMS 0x0000000719200000| PB 0x0000000719200000| Complete |  0
| 122|0x000000071b000000, 0x000000071b200000, 0x000000071b200000|100%| E|CS|TAMS 0x000000071b000000| PB 0x000000071b000000| Complete |  0
|1953|0x00000007ffe00000, 0x0000000800000000, 0x0000000800000000|100%| O|  |TAMS 0x00000007ffe00000| PB 0x00000007ffe00000| Untracked |  0

Card table byte_map: [0x00000170bd2b0000,0x00000170bda60000] _byte_map_base: 0x00000170b9a52000

Marking Bits: (CMBitMap*) 0x00000170a478b490
 Bits: [0x00000170bda60000, 0x00000170c1770000)

Polling page: 0x00000170a2ea0000

Metaspace:

Usage:
  Non-class:     33.39 MB used.
      Class:      5.10 MB used.
       Both:     38.49 MB used.

Virtual space:
  Non-class space:       64.00 MB reserved,      33.62 MB ( 53%) committed,  1 nodes.
      Class space:        1.00 GB reserved,       5.31 MB ( <1%) committed,  1 nodes.
             Both:        1.06 GB reserved,      38.94 MB (  4%) committed. 

Chunk freelists:
   Non-Class:  13.91 MB
       Class:  10.54 MB
        Both:  24.44 MB

MaxMetaspaceSize: unlimited
CompressedClassSpaceSize: 1.00 GB
Initial GC threshold: 21.00 MB
Current GC threshold: 58.69 MB
CDS: on
 - commit_granule_bytes: 65536.
 - commit_granule_words: 8192.
 - virtual_space_node_default_size: 8388608.
 - enlarge_chunks_in_place: 1.
 - use_allocation_guard: 0.


Internal statistics:

num_allocs_failed_limit: 6.
num_arena_births: 508.
num_arena_deaths: 0.
num_vsnodes_births: 2.
num_vsnodes_deaths: 0.
num_space_committed: 623.
num_space_uncommitted: 0.
num_chunks_returned_to_freelist: 6.
num_chunks_taken_from_freelist: 1548.
num_chunk_merges: 6.
num_chunk_splits: 1094.
num_chunks_enlarged: 854.
num_inconsistent_stats: 0.

CodeHeap 'non-profiled nmethods': size=119168Kb used=4883Kb max_used=4883Kb free=114285Kb
 bounds [0x00000170b46f0000, 0x00000170b4bc0000, 0x00000170bbb50000]
CodeHeap 'profiled nmethods': size=119104Kb used=16920Kb max_used=16920Kb free=102183Kb
 bounds [0x00000170acb50000, 0x00000170adbe0000, 0x00000170b3fa0000]
CodeHeap 'non-nmethods': size=7488Kb used=2341Kb max_used=4058Kb free=5146Kb
 bounds [0x00000170b3fa0000, 0x00000170b43b0000, 0x00000170b46f0000]
 total_blobs=8927 nmethods=7924 adapters=907
 compilation: enabled
              stopped_count=0, restarted_count=0
 full_count=0

Compilation events (20 events):
Event: 35.410 Thread 0x00000170c48c2780 8263   !   3       com.sun.javafx.text.PrismTextLayout::layout (1636 bytes)
Event: 35.410 Thread 0x0000017119f75600 8264       3       com.sun.javafx.text.PrismTextLayout::initCache (278 bytes)
Event: 35.411 Thread 0x0000017119f75600 nmethod 8264 0x00000170adbc0590 code [0x00000170adbc0820, 0x00000170adbc1388]
Event: 35.417 Thread 0x00000170c48c2780 nmethod 8263 0x00000170adbc1690 code [0x00000170adbc1f20, 0x00000170adbc6ee0]
Event: 35.442 Thread 0x00000170c48c2780 8265   !   3       javafx.scene.CssStyleHelper::transitionToState (1039 bytes)
Event: 35.443 Thread 0x0000017119f75600 8266       3       javafx.scene.layout.GridPane::getRowValignment (43 bytes)
Event: 35.443 Thread 0x0000017119f77140 8267       3       javafx.scene.layout.GridPane::getValignment (10 bytes)
Event: 35.443 Thread 0x0000017119f75600 nmethod 8266 0x00000170adbc9790 code [0x00000170adbc9980, 0x00000170adbc9e78]
Event: 35.444 Thread 0x0000017119f77140 nmethod 8267 0x00000170adbca010 code [0x00000170adbca240, 0x00000170adbcac48]
Event: 35.451 Thread 0x00000170c48c2780 nmethod 8265 0x00000170adbcaf10 code [0x00000170adbcb940, 0x00000170adbd2230]
Event: 35.455 Thread 0x00000170c48a0090 8268       4       com.sun.prism.impl.ManagedResource::_isgone (42 bytes)
Event: 35.456 Thread 0x00000170c48c2780 8270       3       com.sun.prism.impl.BaseGraphics::drawTexture (249 bytes)
Event: 35.457 Thread 0x00000170c48a0090 nmethod 8268 0x00000170b4bb4210 code [0x00000170b4bb43a0, 0x00000170b4bb44b0]
Event: 35.457 Thread 0x00000170c48a0090 8269       4       java.lang.Record::<init> (5 bytes)
Event: 35.457 Thread 0x00000170c48a0090 nmethod 8269 0x00000170b4bb4610 code [0x00000170b4bb4780, 0x00000170b4bb4808]
Event: 35.457 Thread 0x00000170c48c2780 nmethod 8270 0x00000170adbd5290 code [0x00000170adbd5500, 0x00000170adbd61b8]
Event: 54.669 Thread 0x00000170c48c2780 8271       3       java.util.logging.LogManager::getProperty (9 bytes)
Event: 54.669 Thread 0x00000170c48c2780 nmethod 8271 0x00000170adbd6610 code [0x00000170adbd67c0, 0x00000170adbd69a0]
Event: 54.671 Thread 0x00000170c48c2780 8272       1       javax.management.ObjectName$Property::setKeyIndex (6 bytes)
Event: 54.671 Thread 0x00000170c48c2780 nmethod 8272 0x00000170b4bb4910 code [0x00000170b4bb4aa0, 0x00000170b4bb4b68]

GC Heap History (20 events):
Event: 0.476 GC heap before
{Heap before GC invocations=0 (full 0):
 garbage-first heap   total reserved 4001792K, committed 251904K, used 22528K [0x000000070bc00000, 0x0000000800000000)
  region size 2048K, 12 young (24576K), 0 survivors (0K)
 Metaspace       used 4193K, committed 4416K, reserved 1114112K
  class space    used 469K, committed 576K, reserved 1048576K
}
Event: 0.479 GC heap after
{Heap after GC invocations=1 (full 0):
 garbage-first heap   total reserved 4001792K, committed 251904K, used 4165K [0x000000070bc00000, 0x0000000800000000)
  region size 2048K, 2 young (4096K), 2 survivors (4096K)
 Metaspace       used 4193K, committed 4416K, reserved 1114112K
  class space    used 469K, committed 576K, reserved 1048576K
}
Event: 1.093 GC heap before
{Heap before GC invocations=1 (full 0):
 garbage-first heap   total reserved 4001792K, committed 251904K, used 38981K [0x000000070bc00000, 0x0000000800000000)
  region size 2048K, 20 young (40960K), 2 survivors (4096K)
 Metaspace       used 16213K, committed 16576K, reserved 1114112K
  class space    used 2028K, committed 2176K, reserved 1048576K
}
Event: 1.098 GC heap after
{Heap after GC invocations=2 (full 0):
 garbage-first heap   total reserved 4001792K, committed 251904K, used 8918K [0x000000070bc00000, 0x0000000800000000)
  region size 2048K, 3 young (6144K), 3 survivors (6144K)
 Metaspace       used 16213K, committed 16576K, reserved 1114112K
  class space    used 2028K, committed 2176K, reserved 1048576K
}
Event: 1.413 GC heap before
{Heap before GC invocations=2 (full 0):
 garbage-first heap   total reserved 4001792K, committed 251904K, used 39638K [0x000000070bc00000, 0x0000000800000000)
  region size 2048K, 18 young (36864K), 3 survivors (6144K)
 Metaspace       used 21157K, committed 21504K, reserved 1114112K
  class space    used 3119K, committed 3264K, reserved 1048576K
}
Event: 1.417 GC heap after
{Heap after GC invocations=3 (full 0):
 garbage-first heap   total reserved 4001792K, committed 251904K, used 13044K [0x000000070bc00000, 0x0000000800000000)
  region size 2048K, 4 young (8192K), 4 survivors (8192K)
 Metaspace       used 21157K, committed 21504K, reserved 1114112K
  class space    used 3119K, committed 3264K, reserved 1048576K
}
Event: 12.255 GC heap before
{Heap before GC invocations=4 (full 0):
 garbage-first heap   total reserved 4001792K, committed 55296K, used 51956K [0x000000070bc00000, 0x0000000800000000)
  region size 2048K, 22 young (45056K), 4 survivors (8192K)
 Metaspace       used 32176K, committed 32704K, reserved 1114112K
  class space    used 4368K, committed 4608K, reserved 1048576K
}
Event: 12.265 GC heap after
{Heap after GC invocations=5 (full 0):
 garbage-first heap   total reserved 4001792K, committed 67584K, used 19359K [0x000000070bc00000, 0x0000000800000000)
  region size 2048K, 6 young (12288K), 6 survivors (12288K)
 Metaspace       used 32176K, committed 32704K, reserved 1114112K
  class space    used 4368K, committed 4608K, reserved 1048576K
}
Event: 14.220 GC heap before
{Heap before GC invocations=5 (full 0):
 garbage-first heap   total reserved 4001792K, committed 67584K, used 45983K [0x000000070bc00000, 0x0000000800000000)
  region size 2048K, 19 young (38912K), 6 survivors (12288K)
 Metaspace       used 34773K, committed 35264K, reserved 1114112K
  class space    used 4770K, committed 4992K, reserved 1048576K
}
Event: 14.230 GC heap after
{Heap after GC invocations=6 (full 0):
 garbage-first heap   total reserved 4001792K, committed 67584K, used 23100K [0x000000070bc00000, 0x0000000800000000)
  region size 2048K, 3 young (6144K), 3 survivors (6144K)
 Metaspace       used 34773K, committed 35264K, reserved 1114112K
  class space    used 4770K, committed 4992K, reserved 1048576K
}
Event: 17.633 GC heap before
{Heap before GC invocations=6 (full 0):
 garbage-first heap   total reserved 4001792K, committed 67584K, used 55868K [0x000000070bc00000, 0x0000000800000000)
  region size 2048K, 18 young (36864K), 3 survivors (6144K)
 Metaspace       used 35348K, committed 35776K, reserved 1114112K
  class space    used 4777K, committed 4992K, reserved 1048576K
}
Event: 17.643 GC heap after
{Heap after GC invocations=7 (full 0):
 garbage-first heap   total reserved 4001792K, committed 69632K, used 30951K [0x000000070bc00000, 0x0000000800000000)
  region size 2048K, 3 young (6144K), 3 survivors (6144K)
 Metaspace       used 35348K, committed 35776K, reserved 1114112K
  class space    used 4777K, committed 4992K, reserved 1048576K
}
Event: 20.819 GC heap before
{Heap before GC invocations=7 (full 0):
 garbage-first heap   total reserved 4001792K, committed 69632K, used 53479K [0x000000070bc00000, 0x0000000800000000)
  region size 2048K, 14 young (28672K), 3 survivors (6144K)
 Metaspace       used 35545K, committed 35968K, reserved 1114112K
  class space    used 4797K, committed 4992K, reserved 1048576K
}
Event: 20.825 GC heap after
{Heap after GC invocations=8 (full 0):
 garbage-first heap   total reserved 4001792K, committed 69632K, used 35738K [0x000000070bc00000, 0x0000000800000000)
  region size 2048K, 2 young (4096K), 2 survivors (4096K)
 Metaspace       used 35545K, committed 35968K, reserved 1114112K
  class space    used 4797K, committed 4992K, reserved 1048576K
}
Event: 22.986 GC heap before
{Heap before GC invocations=8 (full 0):
 garbage-first heap   total reserved 4001792K, committed 69632K, used 43930K [0x000000070bc00000, 0x0000000800000000)
  region size 2048K, 7 young (14336K), 2 survivors (4096K)
 Metaspace       used 35585K, committed 35968K, reserved 1114112K
  class space    used 4798K, committed 4992K, reserved 1048576K
}
Event: 22.992 GC heap after
{Heap after GC invocations=9 (full 0):
 garbage-first heap   total reserved 4001792K, committed 69632K, used 39374K [0x000000070bc00000, 0x0000000800000000)
  region size 2048K, 2 young (4096K), 2 survivors (4096K)
 Metaspace       used 35585K, committed 35968K, reserved 1114112K
  class space    used 4798K, committed 4992K, reserved 1048576K
}
Event: 32.358 GC heap before
{Heap before GC invocations=10 (full 0):
 garbage-first heap   total reserved 4001792K, committed 69632K, used 53710K [0x000000070bc00000, 0x0000000800000000)
  region size 2048K, 10 young (20480K), 2 survivors (4096K)
 Metaspace       used 36295K, committed 36800K, reserved 1114112K
  class space    used 4867K, committed 5120K, reserved 1048576K
}
Event: 32.362 GC heap after
{Heap after GC invocations=11 (full 0):
 garbage-first heap   total reserved 4001792K, committed 69632K, used 38860K [0x000000070bc00000, 0x0000000800000000)
  region size 2048K, 1 young (2048K), 1 survivors (2048K)
 Metaspace       used 36295K, committed 36800K, reserved 1114112K
  class space    used 4867K, committed 5120K, reserved 1048576K
}
Event: 32.914 GC heap before
{Heap before GC invocations=11 (full 0):
 garbage-first heap   total reserved 4001792K, committed 69632K, used 55244K [0x000000070bc00000, 0x0000000800000000)
  region size 2048K, 9 young (18432K), 1 survivors (2048K)
 Metaspace       used 38968K, committed 39360K, reserved 1114112K
  class space    used 5168K, committed 5312K, reserved 1048576K
}
Event: 32.919 GC heap after
{Heap after GC invocations=12 (full 0):
 garbage-first heap   total reserved 4001792K, committed 69632K, used 37618K [0x000000070bc00000, 0x0000000800000000)
  region size 2048K, 2 young (4096K), 2 survivors (4096K)
 Metaspace       used 38968K, committed 39360K, reserved 1114112K
  class space    used 5168K, committed 5312K, reserved 1048576K
}

Dll operation events (20 events):
Event: 0.276 Loaded shared library C:\Users\irene\IdeaProjects\BancoApp\oo\tareas\construccion\javafx-sdk-21.0.7\bin\api-ms-win-crt-private-l1-1-0.dll
Event: 0.278 Loaded shared library C:\Users\irene\IdeaProjects\BancoApp\oo\tareas\construccion\javafx-sdk-21.0.7\bin\api-ms-win-crt-process-l1-1-0.dll
Event: 0.279 Loaded shared library C:\Users\irene\IdeaProjects\BancoApp\oo\tareas\construccion\javafx-sdk-21.0.7\bin\api-ms-win-crt-runtime-l1-1-0.dll
Event: 0.280 Loaded shared library C:\Users\irene\IdeaProjects\BancoApp\oo\tareas\construccion\javafx-sdk-21.0.7\bin\api-ms-win-crt-stdio-l1-1-0.dll
Event: 0.281 Loaded shared library C:\Users\irene\IdeaProjects\BancoApp\oo\tareas\construccion\javafx-sdk-21.0.7\bin\api-ms-win-crt-string-l1-1-0.dll
Event: 0.283 Loaded shared library C:\Users\irene\IdeaProjects\BancoApp\oo\tareas\construccion\javafx-sdk-21.0.7\bin\api-ms-win-crt-time-l1-1-0.dll
Event: 0.284 Loaded shared library C:\Users\irene\IdeaProjects\BancoApp\oo\tareas\construccion\javafx-sdk-21.0.7\bin\api-ms-win-crt-utility-l1-1-0.dll
Event: 0.285 Loaded shared library C:\Users\irene\IdeaProjects\BancoApp\oo\tareas\construccion\javafx-sdk-21.0.7\bin\ucrtbase.dll
Event: 0.286 Loaded shared library C:\Users\irene\IdeaProjects\BancoApp\oo\tareas\construccion\javafx-sdk-21.0.7\bin\vcruntime140.dll
Event: 0.287 Loaded shared library C:\Users\irene\IdeaProjects\BancoApp\oo\tareas\construccion\javafx-sdk-21.0.7\bin\vcruntime140_1.dll
Event: 0.289 Loaded shared library C:\Users\irene\IdeaProjects\BancoApp\oo\tareas\construccion\javafx-sdk-21.0.7\bin\msvcp140.dll
Event: 0.290 Loaded shared library C:\Users\irene\IdeaProjects\BancoApp\oo\tareas\construccion\javafx-sdk-21.0.7\bin\msvcp140_1.dll
Event: 0.291 Loaded shared library C:\Users\irene\IdeaProjects\BancoApp\oo\tareas\construccion\javafx-sdk-21.0.7\bin\msvcp140_2.dll
Event: 0.317 Loaded shared library C:\Users\irene\IdeaProjects\BancoApp\oo\tareas\construccion\javafx-sdk-21.0.7\bin\prism_d3d.dll
Event: 0.368 Loaded shared library C:\Users\irene\IdeaProjects\BancoApp\oo\tareas\construccion\javafx-sdk-21.0.7\bin\glass.dll
Event: 0.485 Loaded shared library C:\Users\irene\.jdks\openjdk-22.0.2\bin\jimage.dll
Event: 0.703 Loaded shared library C:\Users\irene\.jdks\openjdk-22.0.2\bin\management.dll
Event: 0.707 Loaded shared library C:\Users\irene\.jdks\openjdk-22.0.2\bin\management_ext.dll
Event: 1.074 Loaded shared library C:\Users\irene\IdeaProjects\BancoApp\oo\tareas\construccion\javafx-sdk-21.0.7\bin\javafx_font.dll
Event: 10.709 Loaded shared library C:\Users\irene\.jdks\openjdk-22.0.2\bin\sunmscapi.dll

Deoptimization events (20 events):
Event: 33.738 Thread 0x000001710a486720 Uncommon trap: trap_request=0xffffff45 fr.pc=0x00000170b4946f30 relative=0x0000000000000270
Event: 33.738 Thread 0x000001710a486720 Uncommon trap: reason=unstable_if action=reinterpret pc=0x00000170b4946f30 method=com.sun.crypto.provider.CounterMode.increment([B)V @ 18 c2
Event: 33.738 Thread 0x000001710a486720 DEOPT PACKING pc=0x00000170b4946f30 sp=0x00000017af2f8db0
Event: 33.738 Thread 0x000001710a486720 DEOPT UNPACKING pc=0x00000170b3ff7da2 sp=0x00000017af2f8d00 mode 2
Event: 33.804 Thread 0x000001710a486720 DEOPT PACKING pc=0x00000170adba7a52 sp=0x00000017af2f8da0
Event: 33.804 Thread 0x000001710a486720 DEOPT UNPACKING pc=0x00000170b3ff88e2 sp=0x00000017af2f8260 mode 0
Event: 35.384 Thread 0x000001710a486720 DEOPT PACKING pc=0x00000170ad646c13 sp=0x00000017af2f8d40
Event: 35.384 Thread 0x000001710a486720 DEOPT UNPACKING pc=0x00000170b3ff88e2 sp=0x00000017af2f81b0 mode 0
Event: 38.079 Thread 0x000001710a1dd480 Uncommon trap: trap_request=0xffffffc6 fr.pc=0x00000170b49e29f8 relative=0x0000000000000918
Event: 38.079 Thread 0x000001710a1dd480 Uncommon trap: reason=bimorphic_or_optimized_type_check action=maybe_recompile pc=0x00000170b49e29f8 method=java.util.HashMap.removeNode(ILjava/lang/Object;Ljava/lang/Object;ZZ)Ljava/util/HashMap$Node; @ 283 c2
Event: 38.079 Thread 0x000001710a1dd480 DEOPT PACKING pc=0x00000170b49e29f8 sp=0x00000017b2cff1a0
Event: 38.079 Thread 0x000001710a1dd480 DEOPT UNPACKING pc=0x00000170b3ff7da2 sp=0x00000017b2cff0b8 mode 2
Event: 43.098 Thread 0x000001710a1dd480 Uncommon trap: trap_request=0xffffffc6 fr.pc=0x00000170b49e29f8 relative=0x0000000000000918
Event: 43.098 Thread 0x000001710a1dd480 Uncommon trap: reason=bimorphic_or_optimized_type_check action=maybe_recompile pc=0x00000170b49e29f8 method=java.util.HashMap.removeNode(ILjava/lang/Object;Ljava/lang/Object;ZZ)Ljava/util/HashMap$Node; @ 283 c2
Event: 43.098 Thread 0x000001710a1dd480 DEOPT PACKING pc=0x00000170b49e29f8 sp=0x00000017b2cff1a0
Event: 43.098 Thread 0x000001710a1dd480 DEOPT UNPACKING pc=0x00000170b3ff7da2 sp=0x00000017b2cff0b8 mode 2
Event: 54.670 Thread 0x000001710a1dd480 Uncommon trap: trap_request=0xffffff45 fr.pc=0x00000170b49e2998 relative=0x00000000000008b8
Event: 54.670 Thread 0x000001710a1dd480 Uncommon trap: reason=unstable_if action=reinterpret pc=0x00000170b49e2998 method=java.util.HashMap.removeNode(ILjava/lang/Object;Ljava/lang/Object;ZZ)Ljava/util/HashMap$Node; @ 58 c2
Event: 54.670 Thread 0x000001710a1dd480 DEOPT PACKING pc=0x00000170b49e2998 sp=0x00000017b07fea60
Event: 54.670 Thread 0x000001710a1dd480 DEOPT UNPACKING pc=0x00000170b3ff7da2 sp=0x00000017b07fe978 mode 2

Classes loaded (20 events):
Event: 33.244 Loading class java/util/zip/Deflater
Event: 33.245 Loading class java/util/zip/Deflater done
Event: 33.246 Loading class java/util/zip/Deflater$DeflaterZStreamRef
Event: 33.246 Loading class java/util/zip/Deflater$DeflaterZStreamRef done
Event: 33.727 Loading class sun/net/www/protocol/http/EmptyInputStream
Event: 33.727 Loading class sun/net/www/protocol/http/EmptyInputStream done
Event: 35.361 Loading class sun/net/www/http/KeepAliveStream
Event: 35.368 Loading class sun/net/www/MeteredStream
Event: 35.368 Loading class sun/net/www/MeteredStream done
Event: 35.368 Loading class sun/net/www/http/KeepAliveStream done
Event: 35.368 Loading class sun/net/www/http/KeepAliveStreamCleaner
Event: 35.368 Loading class sun/net/www/http/KeepAliveStreamCleaner done
Event: 35.370 Loading class sun/net/www/http/KeepAliveStreamCleaner$1
Event: 35.370 Loading class sun/net/www/http/KeepAliveStreamCleaner$1 done
Event: 35.371 Loading class sun/net/www/http/KeepAliveStreamCleaner$2
Event: 35.371 Loading class sun/net/www/http/KeepAliveStreamCleaner$2 done
Event: 54.668 Loading class jdk/internal/misc/Signal$1
Event: 54.668 Loading class jdk/internal/misc/Signal$1 done
Event: 54.672 Loading class java/io/FileOutputStream$1
Event: 54.672 Loading class java/io/FileOutputStream$1 done

Classes unloaded (0 events):
No events

Classes redefined (0 events):
No events

Internal exceptions (20 events):
Event: 1.540 Thread 0x000001710a486720 Exception <a 'java/lang/NoSuchMethodError'{0x000000070e2d19a0}: 'java.lang.Object java.lang.invoke.DirectMethodHandle$Holder.newInvokeSpecial(java.lang.Object, java.lang.Object, long)'> (0x000000070e2d19a0) 
thrown [s\open\src\hotspot\share\interpreter\linkResolver.cpp, line 774]
Event: 1.540 Thread 0x000001710a486720 Exception <a 'java/lang/NoSuchMethodError'{0x000000070e2d52e8}: 'java.lang.Object java.lang.invoke.Invokers$Holder.linkToTargetMethod(java.lang.Object, long, java.lang.Object)'> (0x000000070e2d52e8) 
thrown [s\open\src\hotspot\share\interpreter\linkResolver.cpp, line 774]
Event: 1.549 Thread 0x000001710a487440 Exception <a 'java/lang/NoSuchMethodError'{0x000000070e06f3c0}: 'java.lang.Object java.lang.invoke.DirectMethodHandle$Holder.invokeStaticInit(java.lang.Object, int)'> (0x000000070e06f3c0) 
thrown [s\open\src\hotspot\share\interpreter\linkResolver.cpp, line 774]
Event: 10.432 Thread 0x000001710a486720 Exception <a 'java/lang/NoSuchMethodError'{0x000000070d9ecda8}: 'java.lang.Object java.lang.invoke.DirectMethodHandle$Holder.invokeVirtual(java.lang.Object, java.lang.Object, java.lang.Object)'> (0x000000070d9ecda8) 
thrown [s\open\src\hotspot\share\interpreter\linkResolver.cpp, line 774]
Event: 10.632 Thread 0x000001710a486720 Exception <a 'sun/nio/fs/WindowsException'{0x000000070d0bca68}> (0x000000070d0bca68) 
thrown [s\open\src\hotspot\share\prims\jni.cpp, line 520]
Event: 10.666 Thread 0x000001710a486720 Exception <a 'java/lang/NoSuchMethodError'{0x000000070d15eec0}: 'java.lang.Object java.lang.invoke.DirectMethodHandle$Holder.invokeStaticInit(java.lang.Object, int, int, int, int)'> (0x000000070d15eec0) 
thrown [s\open\src\hotspot\share\interpreter\linkResolver.cpp, line 774]
Event: 10.687 Thread 0x000001710a486720 Exception <a 'java/lang/NoSuchMethodError'{0x000000070ce206e8}: 'java.lang.Object java.lang.invoke.DirectMethodHandle$Holder.invokeStaticInit(java.lang.Object, java.lang.Object, int, int, int, int)'> (0x000000070ce206e8) 
thrown [s\open\src\hotspot\share\interpreter\linkResolver.cpp, line 774]
Event: 19.713 Thread 0x000001710a486720 Exception <a 'java/lang/NoSuchMethodError'{0x000000070e83fd78}: 'int java.lang.invoke.DirectMethodHandle$Holder.invokeVirtual(java.lang.Object, java.lang.Object)'> (0x000000070e83fd78) 
thrown [s\open\src\hotspot\share\interpreter\linkResolver.cpp, line 774]
Event: 19.713 Thread 0x000001710a486720 Exception <a 'java/lang/NoSuchMethodError'{0x000000070e847c38}: 'void java.lang.invoke.DirectMethodHandle$Holder.invokeVirtual(java.lang.Object, java.lang.Object, int)'> (0x000000070e847c38) 
thrown [s\open\src\hotspot\share\interpreter\linkResolver.cpp, line 774]
Event: 22.001 Thread 0x000001710a486720 Implicit null exception at 0x00000170b4a67386 to 0x00000170b4a67f5c
Event: 22.001 Thread 0x000001710a486720 Implicit null exception at 0x00000170b4b22ecb to 0x00000170b4b23930
Event: 22.288 Thread 0x000001710a486720 Implicit null exception at 0x00000170b4969630 to 0x00000170b49696a4
Event: 22.994 Thread 0x000001710a486720 Implicit null exception at 0x00000170b4789e65 to 0x00000170b478a0f8
Event: 29.493 Thread 0x000001710a486720 Exception <a 'java/lang/NoSuchMethodError'{0x000000071b029400}: 'double java.lang.invoke.DirectMethodHandle$Holder.invokeStatic(java.lang.Object, java.lang.Object)'> (0x000000071b029400) 
thrown [s\open\src\hotspot\share\interpreter\linkResolver.cpp, line 774]
Event: 29.496 Thread 0x000001710a486720 Exception <a 'java/lang/NoSuchMethodError'{0x000000071b031658}: 'void java.lang.invoke.DirectMethodHandle$Holder.invokeStatic(java.lang.Object, java.lang.Object, double)'> (0x000000071b031658) 
thrown [s\open\src\hotspot\share\interpreter\linkResolver.cpp, line 774]
Event: 30.828 Thread 0x000001710a486720 Implicit null exception at 0x00000170b4a0bfb2 to 0x00000170b4a12384
Event: 30.841 Thread 0x000001710a486720 Implicit null exception at 0x00000170b4a7586e to 0x00000170b4a7d8a8
Event: 32.305 Thread 0x000001710a486720 Implicit null exception at 0x00000170b4714599 to 0x00000170b4714630
Event: 32.608 Thread 0x000001710a486720 Implicit null exception at 0x00000170b4954b44 to 0x00000170b4955564
Event: 32.608 Thread 0x000001710a486720 Implicit null exception at 0x00000170b4ad93cd to 0x00000170b4ada478

ZGC Phase Switch (0 events):
No events

VM Operations (20 events):
Event: 32.349 Executing VM operation: HandshakeAllThreads (Deoptimize) done
Event: 32.358 Executing VM operation: G1CollectForAllocation (G1 Evacuation Pause)
Event: 32.362 Executing VM operation: G1CollectForAllocation (G1 Evacuation Pause) done
Event: 32.558 Executing VM operation: HandshakeAllThreads (Deoptimize)
Event: 32.559 Executing VM operation: HandshakeAllThreads (Deoptimize) done
Event: 32.866 Executing VM operation: HandshakeAllThreads (Deoptimize)
Event: 32.866 Executing VM operation: HandshakeAllThreads (Deoptimize) done
Event: 32.914 Executing VM operation: G1CollectForAllocation (G1 Evacuation Pause)
Event: 32.919 Executing VM operation: G1CollectForAllocation (G1 Evacuation Pause) done
Event: 32.932 Executing VM operation: HandshakeAllThreads (Deoptimize)
Event: 32.932 Executing VM operation: HandshakeAllThreads (Deoptimize) done
Event: 33.075 Executing VM operation: HandshakeAllThreads (Deoptimize)
Event: 33.075 Executing VM operation: HandshakeAllThreads (Deoptimize) done
Event: 34.075 Executing VM operation: Cleanup
Event: 34.075 Executing VM operation: Cleanup done
Event: 35.370 Executing VM operation: HandshakeAllThreads (Deoptimize)
Event: 35.370 Executing VM operation: HandshakeAllThreads (Deoptimize) done
Event: 36.372 Executing VM operation: Cleanup
Event: 36.372 Executing VM operation: Cleanup done
Event: 54.673 Executing VM operation: Exit

Memory protections (0 events):
No events

Nmethod flushes (20 events):
Event: 23.013 Thread 0x00000170c4600650 flushing  nmethod 0x00000170acc15510
Event: 23.013 Thread 0x00000170c4600650 flushing  nmethod 0x00000170acc16b90
Event: 23.013 Thread 0x00000170c4600650 flushing  nmethod 0x00000170acc17610
Event: 23.013 Thread 0x00000170c4600650 flushing  nmethod 0x00000170acc20510
Event: 23.013 Thread 0x00000170c4600650 flushing  nmethod 0x00000170acc21710
Event: 23.013 Thread 0x00000170c4600650 flushing  nmethod 0x00000170acc21a90
Event: 23.013 Thread 0x00000170c4600650 flushing  nmethod 0x00000170accbed10
Event: 23.013 Thread 0x00000170c4600650 flushing  nmethod 0x00000170accc0a10
Event: 23.013 Thread 0x00000170c4600650 flushing  nmethod 0x00000170accc3f10
Event: 23.013 Thread 0x00000170c4600650 flushing  nmethod 0x00000170acd0fe10
Event: 23.013 Thread 0x00000170c4600650 flushing  nmethod 0x00000170acd11f10
Event: 23.013 Thread 0x00000170c4600650 flushing  nmethod 0x00000170acd16990
Event: 23.013 Thread 0x00000170c4600650 flushing  nmethod 0x00000170acdbcc10
Event: 23.013 Thread 0x00000170c4600650 flushing  nmethod 0x00000170acdbd710
Event: 23.013 Thread 0x00000170c4600650 flushing  nmethod 0x00000170acdbdc10
Event: 23.013 Thread 0x00000170c4600650 flushing  nmethod 0x00000170acdc2b10
Event: 23.013 Thread 0x00000170c4600650 flushing  nmethod 0x00000170ace02b10
Event: 23.013 Thread 0x00000170c4600650 flushing  nmethod 0x00000170acf4ac90
Event: 23.013 Thread 0x00000170c4600650 flushing  nmethod 0x00000170acf4c610
Event: 23.013 Thread 0x00000170c4600650 flushing  nmethod 0x00000170acfe8d10

Events (20 events):
Event: 32.940 Thread 0x0000017119f77140 Thread added: 0x0000017119f77ee0
Event: 32.948 Thread 0x000001710a486720 Thread added: 0x000001710a1dc760
Event: 32.949 Thread 0x000001710a1dc760 Thread exited: 0x000001710a1dc760
Event: 33.073 Thread 0x000001710a486720 Thread added: 0x000001710a1dd480
Event: 33.231 Thread 0x0000017119f77ee0 Thread exited: 0x0000017119f77ee0
Event: 33.243 Thread 0x000001710a486720 Thread added: 0x000001710a1de1a0
Event: 33.243 Thread 0x000001710a1de1a0 Thread exited: 0x000001710a1de1a0
Event: 33.933 Thread 0x0000017119f74190 Thread exited: 0x0000017119f74190
Event: 35.371 Thread 0x0000017119f77810 Thread exited: 0x0000017119f77810
Event: 40.456 Thread 0x0000017119f75600 Thread exited: 0x0000017119f75600
Event: 40.456 Thread 0x0000017119f77140 Thread exited: 0x0000017119f77140
Event: 48.129 Thread 0x000001710a1dd480 Thread exited: 0x000001710a1dd480
Event: 54.668 Thread 0x00000170c461e8f0 Thread added: 0x000001710a1dc0d0
Event: 54.669 Thread 0x000001710a1dc0d0 Thread added: 0x000001710a1dc760
Event: 54.669 Thread 0x000001710a1dc0d0 Thread added: 0x000001710a1dd480
Event: 54.669 Thread 0x000001710a1dc0d0 Thread added: 0x000001710a1db3b0
Event: 54.670 Thread 0x000001710a1dc760 Thread exited: 0x000001710a1dc760
Event: 54.671 Thread 0x000001710a1db3b0 Thread exited: 0x000001710a1db3b0
Event: 54.672 Thread 0x000001710a1dd480 Thread exited: 0x000001710a1dd480
Event: 54.672 Thread 0x000001710a1dc0d0 Before exit entered


Dynamic libraries:
0x00007ff6c3f80000 - 0x00007ff6c3f8e000 	C:\Users\irene\.jdks\openjdk-22.0.2\bin\java.exe
0x00007ff9ab220000 - 0x00007ff9ab486000 	C:\WINDOWS\SYSTEM32\ntdll.dll
0x00007ff9aab90000 - 0x00007ff9aac59000 	C:\WINDOWS\System32\KERNEL32.DLL
0x00007ff9a8720000 - 0x00007ff9a8aec000 	C:\WINDOWS\System32\KERNELBASE.dll
0x00007ff9a85d0000 - 0x00007ff9a871b000 	C:\WINDOWS\System32\ucrtbase.dll
0x00007ff996b60000 - 0x00007ff996b77000 	C:\Users\irene\.jdks\openjdk-22.0.2\bin\jli.dll
0x00007ff9a5170000 - 0x00007ff9a518b000 	C:\Users\irene\.jdks\openjdk-22.0.2\bin\VCRUNTIME140.dll
0x00007ff9aa4a0000 - 0x00007ff9aa66a000 	C:\WINDOWS\System32\USER32.dll
0x00007ff995ae0000 - 0x00007ff995d7a000 	C:\WINDOWS\WinSxS\amd64_microsoft.windows.common-controls_6595b64144ccf1df_6.0.26100.3912_none_3e07963ce335137e\COMCTL32.dll
0x00007ff9a8bb0000 - 0x00007ff9a8bd7000 	C:\WINDOWS\System32\win32u.dll
0x00007ff9aadc0000 - 0x00007ff9aae69000 	C:\WINDOWS\System32\msvcrt.dll
0x00007ff9a8fe0000 - 0x00007ff9a900b000 	C:\WINDOWS\System32\GDI32.dll
0x00007ff9a8ea0000 - 0x00007ff9a8fd2000 	C:\WINDOWS\System32\gdi32full.dll
0x00007ff9a8be0000 - 0x00007ff9a8c83000 	C:\WINDOWS\System32\msvcp_win.dll
0x00007ff9a9300000 - 0x00007ff9a9330000 	C:\WINDOWS\System32\IMM32.DLL
0x00007ff996a90000 - 0x00007ff996a9c000 	C:\Users\irene\.jdks\openjdk-22.0.2\bin\vcruntime140_1.dll
0x00007ff982750000 - 0x00007ff9827de000 	C:\Users\irene\.jdks\openjdk-22.0.2\bin\msvcp140.dll
0x00007ff8f6780000 - 0x00007ff8f74c9000 	C:\Users\irene\.jdks\openjdk-22.0.2\bin\server\jvm.dll
0x00007ff9a94f0000 - 0x00007ff9a95a2000 	C:\WINDOWS\System32\ADVAPI32.dll
0x00007ff9aae70000 - 0x00007ff9aaf16000 	C:\WINDOWS\System32\sechost.dll
0x00007ff9a96c0000 - 0x00007ff9a97d6000 	C:\WINDOWS\System32\RPCRT4.dll
0x00007ff9aa680000 - 0x00007ff9aa6f4000 	C:\WINDOWS\System32\WS2_32.dll
0x00007ff9a8220000 - 0x00007ff9a827e000 	C:\WINDOWS\SYSTEM32\POWRPROF.dll
0x00007ff99ab10000 - 0x00007ff99ab46000 	C:\WINDOWS\SYSTEM32\WINMM.dll
0x00007ff9a0530000 - 0x00007ff9a053b000 	C:\WINDOWS\SYSTEM32\VERSION.dll
0x00007ff9a8200000 - 0x00007ff9a8214000 	C:\WINDOWS\SYSTEM32\UMPDC.dll
0x00007ff9a7170000 - 0x00007ff9a718a000 	C:\WINDOWS\SYSTEM32\kernel.appcore.dll
0x00007ff996a80000 - 0x00007ff996a8a000 	C:\Users\irene\.jdks\openjdk-22.0.2\bin\jimage.dll
0x00007ff99ab50000 - 0x00007ff99ad91000 	C:\WINDOWS\SYSTEM32\DBGHELP.DLL
0x00007ff9a9f30000 - 0x00007ff9aa2b4000 	C:\WINDOWS\System32\combase.dll
0x00007ff9a9110000 - 0x00007ff9a91f0000 	C:\WINDOWS\System32\OLEAUT32.dll
0x00007ff985550000 - 0x00007ff985589000 	C:\WINDOWS\SYSTEM32\dbgcore.DLL
0x00007ff9a83b0000 - 0x00007ff9a8449000 	C:\WINDOWS\System32\bcryptPrimitives.dll
0x00007ff996970000 - 0x00007ff99697f000 	C:\Users\irene\.jdks\openjdk-22.0.2\bin\instrument.dll
0x00007ff986d90000 - 0x00007ff986dae000 	C:\Users\irene\.jdks\openjdk-22.0.2\bin\java.dll
0x00007ff9a97e0000 - 0x00007ff9a9f0d000 	C:\WINDOWS\System32\SHELL32.dll
0x00007ff9a8450000 - 0x00007ff9a85c4000 	C:\WINDOWS\System32\wintypes.dll
0x00007ff9a9340000 - 0x00007ff9a94df000 	C:\WINDOWS\System32\ole32.dll
0x00007ff9a6000000 - 0x00007ff9a6856000 	C:\WINDOWS\SYSTEM32\windows.storage.dll
0x00007ff9a9200000 - 0x00007ff9a92ef000 	C:\WINDOWS\System32\SHCORE.dll
0x00007ff9aad50000 - 0x00007ff9aadb9000 	C:\WINDOWS\System32\shlwapi.dll
0x00007ff9a82c0000 - 0x00007ff9a82ef000 	C:\WINDOWS\SYSTEM32\profapi.dll
0x00007ff982670000 - 0x00007ff982747000 	C:\Users\irene\.jdks\openjdk-22.0.2\bin\jsvml.dll
0x00007ff986d80000 - 0x00007ff986d90000 	C:\Users\irene\.jdks\openjdk-22.0.2\bin\net.dll
0x00007ff9a76e0000 - 0x00007ff9a774a000 	C:\WINDOWS\system32\mswsock.dll
0x00007ff9854c0000 - 0x00007ff9854d6000 	C:\Users\irene\.jdks\openjdk-22.0.2\bin\nio.dll
0x00007ff982650000 - 0x00007ff982667000 	C:\Users\irene\.jdks\openjdk-22.0.2\bin\zip.dll
0x00007ff982590000 - 0x00007ff9825aa000 	C:\Users\irene\AppData\Local\JetBrains\IntelliJ IDEA 2024.2.1\bin\breakgen64.dll
0x00007ff9854b0000 - 0x00007ff9854b9000 	C:\Users\irene\.jdks\openjdk-22.0.2\bin\extnet.dll
0x00000170c4c90000 - 0x00000170c4c93000 	C:\Users\irene\IdeaProjects\BancoApp\oo\tareas\construccion\javafx-sdk-21.0.7\bin\api-ms-win-core-console-l1-1-0.dll
0x00000170c4ca0000 - 0x00000170c4ca3000 	C:\Users\irene\IdeaProjects\BancoApp\oo\tareas\construccion\javafx-sdk-21.0.7\bin\api-ms-win-core-console-l1-2-0.dll
0x00000170c4cb0000 - 0x00000170c4cb3000 	C:\Users\irene\IdeaProjects\BancoApp\oo\tareas\construccion\javafx-sdk-21.0.7\bin\api-ms-win-core-datetime-l1-1-0.dll
0x00000170c4cc0000 - 0x00000170c4cc3000 	C:\Users\irene\IdeaProjects\BancoApp\oo\tareas\construccion\javafx-sdk-21.0.7\bin\api-ms-win-core-debug-l1-1-0.dll
0x00000170c4cd0000 - 0x00000170c4cd3000 	C:\Users\irene\IdeaProjects\BancoApp\oo\tareas\construccion\javafx-sdk-21.0.7\bin\api-ms-win-core-errorhandling-l1-1-0.dll
0x00000170c4ce0000 - 0x00000170c4ce4000 	C:\Users\irene\IdeaProjects\BancoApp\oo\tareas\construccion\javafx-sdk-21.0.7\bin\api-ms-win-core-file-l1-1-0.dll
0x00000170c4cf0000 - 0x00000170c4cf3000 	C:\Users\irene\IdeaProjects\BancoApp\oo\tareas\construccion\javafx-sdk-21.0.7\bin\api-ms-win-core-file-l1-2-0.dll
0x00000170c4d00000 - 0x00000170c4d03000 	C:\Users\irene\IdeaProjects\BancoApp\oo\tareas\construccion\javafx-sdk-21.0.7\bin\api-ms-win-core-file-l2-1-0.dll
0x00000170c4d10000 - 0x00000170c4d13000 	C:\Users\irene\IdeaProjects\BancoApp\oo\tareas\construccion\javafx-sdk-21.0.7\bin\api-ms-win-core-handle-l1-1-0.dll
0x00000170c4d20000 - 0x00000170c4d23000 	C:\Users\irene\IdeaProjects\BancoApp\oo\tareas\construccion\javafx-sdk-21.0.7\bin\api-ms-win-core-heap-l1-1-0.dll
0x00000170c4d30000 - 0x00000170c4d33000 	C:\Users\irene\IdeaProjects\BancoApp\oo\tareas\construccion\javafx-sdk-21.0.7\bin\api-ms-win-core-interlocked-l1-1-0.dll
0x00000170c4d40000 - 0x00000170c4d43000 	C:\Users\irene\IdeaProjects\BancoApp\oo\tareas\construccion\javafx-sdk-21.0.7\bin\api-ms-win-core-libraryloader-l1-1-0.dll
0x00000170c4d50000 - 0x00000170c4d53000 	C:\Users\irene\IdeaProjects\BancoApp\oo\tareas\construccion\javafx-sdk-21.0.7\bin\api-ms-win-core-localization-l1-2-0.dll
0x00000170c4d60000 - 0x00000170c4d63000 	C:\Users\irene\IdeaProjects\BancoApp\oo\tareas\construccion\javafx-sdk-21.0.7\bin\api-ms-win-core-memory-l1-1-0.dll
0x00000170c4d70000 - 0x00000170c4d73000 	C:\Users\irene\IdeaProjects\BancoApp\oo\tareas\construccion\javafx-sdk-21.0.7\bin\api-ms-win-core-namedpipe-l1-1-0.dll
0x00000170c4d80000 - 0x00000170c4d83000 	C:\Users\irene\IdeaProjects\BancoApp\oo\tareas\construccion\javafx-sdk-21.0.7\bin\api-ms-win-core-processenvironment-l1-1-0.dll
0x00000170c4d90000 - 0x00000170c4d93000 	C:\Users\irene\IdeaProjects\BancoApp\oo\tareas\construccion\javafx-sdk-21.0.7\bin\api-ms-win-core-processthreads-l1-1-0.dll
0x00000170c4da0000 - 0x00000170c4da3000 	C:\Users\irene\IdeaProjects\BancoApp\oo\tareas\construccion\javafx-sdk-21.0.7\bin\api-ms-win-core-processthreads-l1-1-1.dll
0x00000170c4db0000 - 0x00000170c4db3000 	C:\Users\irene\IdeaProjects\BancoApp\oo\tareas\construccion\javafx-sdk-21.0.7\bin\api-ms-win-core-profile-l1-1-0.dll
0x00000170c4dc0000 - 0x00000170c4dc3000 	C:\Users\irene\IdeaProjects\BancoApp\oo\tareas\construccion\javafx-sdk-21.0.7\bin\api-ms-win-core-rtlsupport-l1-1-0.dll
0x00000170c4dd0000 - 0x00000170c4dd3000 	C:\Users\irene\IdeaProjects\BancoApp\oo\tareas\construccion\javafx-sdk-21.0.7\bin\api-ms-win-core-string-l1-1-0.dll
0x00000170c4de0000 - 0x00000170c4de3000 	C:\Users\irene\IdeaProjects\BancoApp\oo\tareas\construccion\javafx-sdk-21.0.7\bin\api-ms-win-core-synch-l1-1-0.dll
0x00000170c4df0000 - 0x00000170c4df3000 	C:\Users\irene\IdeaProjects\BancoApp\oo\tareas\construccion\javafx-sdk-21.0.7\bin\api-ms-win-core-synch-l1-2-0.dll
0x00000170c4e00000 - 0x00000170c4e03000 	C:\Users\irene\IdeaProjects\BancoApp\oo\tareas\construccion\javafx-sdk-21.0.7\bin\api-ms-win-core-sysinfo-l1-1-0.dll
0x00000170c4e10000 - 0x00000170c4e13000 	C:\Users\irene\IdeaProjects\BancoApp\oo\tareas\construccion\javafx-sdk-21.0.7\bin\api-ms-win-core-timezone-l1-1-0.dll
0x00000170c4e20000 - 0x00000170c4e23000 	C:\Users\irene\IdeaProjects\BancoApp\oo\tareas\construccion\javafx-sdk-21.0.7\bin\api-ms-win-core-util-l1-1-0.dll
0x00000170c4e30000 - 0x00000170c4e33000 	C:\Users\irene\IdeaProjects\BancoApp\oo\tareas\construccion\javafx-sdk-21.0.7\bin\api-ms-win-crt-conio-l1-1-0.dll
0x00000170c4e40000 - 0x00000170c4e44000 	C:\Users\irene\IdeaProjects\BancoApp\oo\tareas\construccion\javafx-sdk-21.0.7\bin\api-ms-win-crt-convert-l1-1-0.dll
0x00000170c4e50000 - 0x00000170c4e53000 	C:\Users\irene\IdeaProjects\BancoApp\oo\tareas\construccion\javafx-sdk-21.0.7\bin\api-ms-win-crt-environment-l1-1-0.dll
0x00000170c4e60000 - 0x00000170c4e63000 	C:\Users\irene\IdeaProjects\BancoApp\oo\tareas\construccion\javafx-sdk-21.0.7\bin\api-ms-win-crt-filesystem-l1-1-0.dll
0x00000170c4e70000 - 0x00000170c4e73000 	C:\Users\irene\IdeaProjects\BancoApp\oo\tareas\construccion\javafx-sdk-21.0.7\bin\api-ms-win-crt-heap-l1-1-0.dll
0x00000170c4e80000 - 0x00000170c4e83000 	C:\Users\irene\IdeaProjects\BancoApp\oo\tareas\construccion\javafx-sdk-21.0.7\bin\api-ms-win-crt-locale-l1-1-0.dll
0x00000170c4e90000 - 0x00000170c4e95000 	C:\Users\irene\IdeaProjects\BancoApp\oo\tareas\construccion\javafx-sdk-21.0.7\bin\api-ms-win-crt-math-l1-1-0.dll
0x00000170c4ea0000 - 0x00000170c4ea5000 	C:\Users\irene\IdeaProjects\BancoApp\oo\tareas\construccion\javafx-sdk-21.0.7\bin\api-ms-win-crt-multibyte-l1-1-0.dll
0x00000170c4eb0000 - 0x00000170c4ec0000 	C:\Users\irene\IdeaProjects\BancoApp\oo\tareas\construccion\javafx-sdk-21.0.7\bin\api-ms-win-crt-private-l1-1-0.dll
0x00000170c4ec0000 - 0x00000170c4ec3000 	C:\Users\irene\IdeaProjects\BancoApp\oo\tareas\construccion\javafx-sdk-21.0.7\bin\api-ms-win-crt-process-l1-1-0.dll
0x00000170c4ed0000 - 0x00000170c4ed4000 	C:\Users\irene\IdeaProjects\BancoApp\oo\tareas\construccion\javafx-sdk-21.0.7\bin\api-ms-win-crt-runtime-l1-1-0.dll
0x00000170c4ee0000 - 0x00000170c4ee4000 	C:\Users\irene\IdeaProjects\BancoApp\oo\tareas\construccion\javafx-sdk-21.0.7\bin\api-ms-win-crt-stdio-l1-1-0.dll
0x00000170c4ef0000 - 0x00000170c4ef4000 	C:\Users\irene\IdeaProjects\BancoApp\oo\tareas\construccion\javafx-sdk-21.0.7\bin\api-ms-win-crt-string-l1-1-0.dll
0x00000170c4f00000 - 0x00000170c4f03000 	C:\Users\irene\IdeaProjects\BancoApp\oo\tareas\construccion\javafx-sdk-21.0.7\bin\api-ms-win-crt-time-l1-1-0.dll
0x00000170c4f10000 - 0x00000170c4f13000 	C:\Users\irene\IdeaProjects\BancoApp\oo\tareas\construccion\javafx-sdk-21.0.7\bin\api-ms-win-crt-utility-l1-1-0.dll
0x00007ff9606e0000 - 0x00007ff9607dc000 	C:\Users\irene\IdeaProjects\BancoApp\oo\tareas\construccion\javafx-sdk-21.0.7\bin\ucrtbase.dll
0x00007ff982470000 - 0x00007ff98248b000 	C:\Users\irene\IdeaProjects\BancoApp\oo\tareas\construccion\javafx-sdk-21.0.7\bin\vcruntime140.dll
0x00007ff982070000 - 0x00007ff98207c000 	C:\Users\irene\IdeaProjects\BancoApp\oo\tareas\construccion\javafx-sdk-21.0.7\bin\vcruntime140_1.dll
0x00007ff977770000 - 0x00007ff9777fe000 	C:\Users\irene\IdeaProjects\BancoApp\oo\tareas\construccion\javafx-sdk-21.0.7\bin\msvcp140.dll
0x00007ff9815b0000 - 0x00007ff9815b9000 	C:\Users\irene\IdeaProjects\BancoApp\oo\tareas\construccion\javafx-sdk-21.0.7\bin\msvcp140_1.dll
0x00007ff977630000 - 0x00007ff977671000 	C:\Users\irene\IdeaProjects\BancoApp\oo\tareas\construccion\javafx-sdk-21.0.7\bin\msvcp140_2.dll
0x00007ff97add0000 - 0x00007ff97ae00000 	C:\Users\irene\IdeaProjects\BancoApp\oo\tareas\construccion\javafx-sdk-21.0.7\bin\prism_d3d.dll
0x00007ff941140000 - 0x00007ff9412f5000 	C:\WINDOWS\system32\d3d9.dll
0x00007ff9a5930000 - 0x00007ff9a5966000 	C:\WINDOWS\SYSTEM32\dwmapi.dll
0x00007ff9a56f0000 - 0x00007ff9a5737000 	C:\WINDOWS\SYSTEM32\dxcore.dll
0x00007ff9a5510000 - 0x00007ff9a55bf000 	C:\WINDOWS\system32\uxtheme.dll
0x00007ff93d8f0000 - 0x00007ff941134000 	C:\WINDOWS\System32\DriverStore\FileRepository\u0407384.inf_amd64_0112cfe002b7b957\B406074\AMDXN64.DLL
0x00007ff9aa700000 - 0x00007ff9aab86000 	C:\WINDOWS\System32\SETUPAPI.dll
0x00007ff9a57d0000 - 0x00007ff9a5903000 	C:\WINDOWS\SYSTEM32\dxgi.dll
0x00007ff9a5740000 - 0x00007ff9a57a0000 	C:\WINDOWS\SYSTEM32\directxdatabasehelper.dll
0x00007ff9a7ed0000 - 0x00007ff9a7f27000 	C:\WINDOWS\SYSTEM32\cfgmgr32.dll
0x00007ff9a8290000 - 0x00007ff9a82b6000 	C:\WINDOWS\SYSTEM32\BCrypt.dll
0x00007ff99aad0000 - 0x00007ff99ab07000 	C:\WINDOWS\System32\DriverStore\FileRepository\u0407384.inf_amd64_0112cfe002b7b957\B406074\amdihk64.dll
0x00007ff974e00000 - 0x00007ff974e42000 	C:\Users\irene\IdeaProjects\BancoApp\oo\tareas\construccion\javafx-sdk-21.0.7\bin\glass.dll
0x00007ff9a9010000 - 0x00007ff9a9104000 	C:\WINDOWS\System32\COMDLG32.dll
0x00007ff9aafb0000 - 0x00007ff9ab10f000 	C:\WINDOWS\System32\MSCTF.dll
0x00007ff982580000 - 0x00007ff98258a000 	C:\Users\irene\.jdks\openjdk-22.0.2\bin\management.dll
0x00007ff982490000 - 0x00007ff98249b000 	C:\Users\irene\.jdks\openjdk-22.0.2\bin\management_ext.dll
0x00007ff9a9f20000 - 0x00007ff9a9f28000 	C:\WINDOWS\System32\PSAPI.DLL
0x00007ff981ea0000 - 0x00007ff981eb8000 	C:\WINDOWS\system32\napinsp.dll
0x00007ff9a6c00000 - 0x00007ff9a6d27000 	C:\WINDOWS\SYSTEM32\DNSAPI.dll
0x00007ff9a6b70000 - 0x00007ff9a6ba3000 	C:\WINDOWS\SYSTEM32\IPHLPAPI.DLL
0x00007ff9ab120000 - 0x00007ff9ab12a000 	C:\WINDOWS\System32\NSI.dll
0x00007ff97d140000 - 0x00007ff97d152000 	C:\WINDOWS\System32\winrnr.dll
0x00007ff97d100000 - 0x00007ff97d130000 	C:\WINDOWS\system32\nlansp_c.dll
0x00007ff982970000 - 0x00007ff982990000 	C:\WINDOWS\system32\wshbth.dll
0x0000000064e00000 - 0x0000000064e26000 	C:\Program Files\Bonjour\mdnsNSP.dll
0x00007ff9a16d0000 - 0x00007ff9a16db000 	C:\Windows\System32\rasadhlp.dll
0x00007ff9a2a70000 - 0x00007ff9a2af6000 	C:\WINDOWS\System32\fwpuclnt.dll
0x00007ff981590000 - 0x00007ff9815a5000 	C:\Users\irene\IdeaProjects\BancoApp\oo\tareas\construccion\javafx-sdk-21.0.7\bin\javafx_font.dll
0x00007ff9a38e0000 - 0x00007ff9a3b49000 	C:\WINDOWS\SYSTEM32\dwrite.dll
0x00007ff9ab130000 - 0x00007ff9ab1d8000 	C:\WINDOWS\System32\clbcatq.dll
0x00007ff9a36a0000 - 0x00007ff9a38da000 	C:\WINDOWS\SYSTEM32\WindowsCodecs.dll

dbghelp: loaded successfully - version: 4.0.5 - missing functions: none
symbol engine: initialized successfully - sym options: 0x614 - pdb path: .;C:\Users\irene\.jdks\openjdk-22.0.2\bin;C:\WINDOWS\SYSTEM32;C:\WINDOWS\WinSxS\amd64_microsoft.windows.common-controls_6595b64144ccf1df_6.0.26100.3912_none_3e07963ce335137e;C:\Users\irene\.jdks\openjdk-22.0.2\bin\server;C:\Users\irene\AppData\Local\JetBrains\IntelliJ IDEA 2024.2.1\bin;C:\Users\irene\IdeaProjects\BancoApp\oo\tareas\construccion\javafx-sdk-21.0.7\bin;C:\WINDOWS\System32\DriverStore\FileRepository\u0407384.inf_amd64_0112cfe002b7b957\B406074;C:\Program Files\Bonjour;C:\Program Files\Common Files\Microsoft Shared\Ink;C:\WINDOWS\WinSxS\amd64_microsoft.windows.gdiplus_6595b64144ccf1df_1.1.26100.4061_none_6ef7a4863dc2ecac;C:\Program Files\Microsoft OneDrive\25.095.0518.0002

VM Arguments:
jvm_args: --module-path=C:\Users\irene\IdeaProjects\BancoApp\oo\tareas\construccion\javafx-sdk-21.0.7\lib --add-modules=javafx.controls,javafx.fxml -javaagent:C:\Users\irene\AppData\Local\JetBrains\IntelliJ IDEA 2024.2.1\lib\idea_rt.jar=54714:C:\Users\irene\AppData\Local\JetBrains\IntelliJ IDEA 2024.2.1\bin -Dfile.encoding=UTF-8 -Dsun.stdout.encoding=UTF-8 -Dsun.stderr.encoding=UTF-8 
java_command: TestInicioSesionGUI
java_class_path (initial): C:\Users\irene\IdeaProjects\BancoApp\oo\tareas\poo\proyecto-construccion-Maven\target\test-classes;C:\Users\irene\IdeaProjects\BancoApp\oo\tareas\poo\proyecto-construccion-Maven\target\classes;C:\Users\irene\.m2\repository\com\mysql\mysql-connector-j\8.0.33\mysql-connector-j-8.0.33.jar;C:\Users\irene\.m2\repository\com\google\protobuf\protobuf-java\3.21.9\protobuf-java-3.21.9.jar;C:\Users\irene\.m2\repository\com\google\apis\google-api-services-drive\v3-rev20230815-2.0.0\google-api-services-drive-v3-rev20230815-2.0.0.jar;C:\Users\irene\.m2\repository\com\google\api-client\google-api-client\2.2.0\google-api-client-2.2.0.jar;C:\Users\irene\.m2\repository\commons-codec\commons-codec\1.15\commons-codec-1.15.jar;C:\Users\irene\.m2\repository\com\google\oauth-client\google-oauth-client\1.34.1\google-oauth-client-1.34.1.jar;C:\Users\irene\.m2\repository\com\google\http-client\google-http-client-apache-v2\1.42.3\google-http-client-apache-v2-1.42.3.jar;C:\Users\irene\.m2\repository\org\apache\httpcomponents\httpcore\4.4.16\httpcore-4.4.16.jar;C:\Users\irene\.m2\repository\org\apache\httpcomponents\httpclient\4.5.14\httpclient-4.5.14.jar;C:\Users\irene\.m2\repository\commons-logging\commons-logging\1.2\commons-logging-1.2.jar;C:\Users\irene\.m2\repository\com\google\auth\google-auth-library-oauth2-http\1.23.0\google-auth-library-oauth2-http-1.23.0.jar;C:\Users\irene\.m2\repository\com\google\auto\value\auto-value-annotations\1.10.4\auto-value-annotations-1.10.4.jar;C:\Users\irene\.m2\repository\com\google\code\findbugs\jsr305\3.0.2\jsr305-3.0.2.jar;C:\Users\irene\.m2\repository\com\google\auth\google-auth-library-credentials\1.23.0\google-auth-library-credentials-1.23.0.jar;C:\Users\irene\.m2\repository\com\google\http-client\google-http-client\1.43.3\google-http-client-1.43.3.jar;C:\Users\irene\.m2\repository\com\google\j2objc\j2objc-annotations\2.8\j2objc-annotations-2.8.jar;C:\Users\irene\.m2\repository\io\opencensus\opencensus-api\0.31.1\opencensus-api-0.31.1.jar;C:\Users\irene\.m2\repository\io\grpc\grpc-context\1.27.2\grpc-context-1.27.2.jar;C:\Users\irene\.m2\repository\io\opencensus\opencensus-contrib-http-util\0.31.1\opencensus-contrib-http-util-0.31.1.jar;C:\Users\irene\.m2\repository\com\google\http-client\google-http-client-gson\1.43.3\google-http-client-gson-1.43.3.jar;C:\Users\irene\.m2\repository\com\google\code\gson\gson\2.10.1\gson-2.10.1.jar;C:\Users\irene\.m2\repository\com\google\guava\guava\32.0.0-android\guava-32.0.0-android.jar;C:\Users\irene\.m2\repository\com\google\guava\failureaccess\1.0.1\failureaccess-1.0.1.jar;C:\Users\irene\.m2\repository\com\google\guava\listenablefuture\9999.0-empty-to-avoid-conflict-with-guava\listenablefuture-9999.0-empty-to-avoid-conflict-with-guava.jar;C:\Users\irene\.m2\repository\org\checkerframework\checker-qual\3.33.0\checker-qual-3.33.0.jar;C:\Users\irene\.m2\repository\com\google\errorprone\error_prone_annotations\2.18.0\error_prone_annotations-2.18.0.jar;C:\Users\irene\.m2\repository\org\apache\logging\log4j\log4j-core\2.20.0\log4j-core-2.20.0.jar;C:\Users\irene\.m2\repository\org\apache\logging\log4j\log4j-api\2.20.0\log4j-api-2.20.0.jar;C:\Users\irene\.m2\repository\org\openjfx\javafx-controls\21\javafx-controls-21.jar;C:\Users\irene\.m2\repository\org\openjfx\javafx-controls\21\javafx-controls-21-win.jar;C:\Users\irene\.m2\repository\org\openjfx\javafx-graphics\21\javafx-graphics-21.jar;C:\Users\irene\.m2\repository\org\openjfx\javafx-graphics\21\javafx-graphics-21-win.jar;C:\Users\irene\.m2\repository\org\openjfx\javafx-base\21\javafx-base-21.jar;C:\Users\irene\.m2\repository\org\openjfx\javafx-base\21\javafx-base-21-win.jar;C:\Users\irene\.m2\repository\org\openjfx\javafx-fxml\21\javafx-fxml-21.jar;C:\Users\irene\.m2\repository\org\openjfx\javafx-fxml\21\javafx-fxml-21-win.jar;C:\Users\irene\.m2\repository\org\junit\jupiter\junit-jupiter\5.10.2\junit-jupiter-5.10.2.jar;C:\Users\irene\.m2\repository\org\junit\jupiter\junit-jupiter-api\5.10.2\junit-jupiter-api-5.10.2.jar;C:\Users\irene\.m2\repository\org\opentest4j\opentest4j\1.3.0\opentest4j-1.3.0.jar;C:\Users\irene\.m2\repository\org\junit\platform\junit-platform-commons\1.10.2\junit-platform-commons-1.10.2.jar;C:\Users\irene\.m2\repository\org\apiguardian\apiguardian-api\1.1.2\apiguardian-api-1.1.2.jar;C:\Users\irene\.m2\repository\org\junit\jupiter\junit-jupiter-params\5.10.2\junit-jupiter-params-5.10.2.jar;C:\Users\irene\.m2\repository\org\junit\jupiter\junit-jupiter-engine\5.10.2\junit-jupiter-engine-5.10.2.jar;C:\Users\irene\.m2\repository\org\junit\platform\junit-platform-engine\1.10.2\junit-platform-engine-1.10.2.jar;C:\Users\irene\.m2\repository\com\github\librepdf\openpdf\1.3.30\openpdf-1.3.30.jar
Launcher Type: SUN_STANDARD

[Global flags]
     intx CICompilerCount                          = 12                                        {product} {ergonomic}
     uint ConcGCThreads                            = 3                                         {product} {ergonomic}
     uint G1ConcRefinementThreads                  = 13                                        {product} {ergonomic}
   size_t G1HeapRegionSize                         = 2097152                                   {product} {ergonomic}
   size_t InitialHeapSize                          = 257949696                                 {product} {ergonomic}
   size_t MarkStackSize                            = 4194304                                   {product} {ergonomic}
   size_t MaxHeapSize                              = 4097835008                                {product} {ergonomic}
   size_t MaxNewSize                               = 2457862144                                {product} {ergonomic}
   size_t MinHeapDeltaBytes                        = 2097152                                   {product} {ergonomic}
   size_t MinHeapSize                              = 8388608                                   {product} {ergonomic}
    uintx NonNMethodCodeHeapSize                   = 7602480                                {pd product} {ergonomic}
    uintx NonProfiledCodeHeapSize                  = 122027880                              {pd product} {ergonomic}
    uintx ProfiledCodeHeapSize                     = 122027880                              {pd product} {ergonomic}
    uintx ReservedCodeCacheSize                    = 251658240                              {pd product} {ergonomic}
     bool SegmentedCodeCache                       = true                                      {product} {ergonomic}
   size_t SoftMaxHeapSize                          = 4097835008                             {manageable} {ergonomic}
     bool UseCompressedOops                        = true                           {product lp64_product} {ergonomic}
     bool UseG1GC                                  = true                                      {product} {ergonomic}
     bool UseLargePagesIndividualAllocation        = false                                  {pd product} {ergonomic}

Logging:
Log output configuration:
 #0: stdout all=off uptime,level,tags foldmultilines=false
 #1: stderr all=off uptime,level,tags foldmultilines=false

Environment Variables:
PATH=C:\windows\system32;C:\windows;C:\windows\System32\Wbem;C:\windows\System32\WindowsPowerShell\v1.0\;C:\windows\System32\OpenSSH\;C:\Program Files (x86)\NVIDIA Corporation\PhysX\Common;C:\Program Files\NVIDIA Corporation\NVIDIA NvDLISR;C:\Users\Administrator\AppData\Local\Microsoft\WindowsApps;C:\Program Files\HP\OMEN-Broadcast\Common;C:\Program Files\HP\HP One Agent;C:\Program Files (x86)\Gpg4win\..\GnuPG\bin;C:\Program Files\MySQL\MySQL Server 8.0\bin;C:\WINDOWS\system32;C:\WINDOWS;C:\WINDOWS\System32\Wbem;C:\WINDOWS\System32\WindowsPowerShell\v1.0\;C:\WINDOWS\System32\OpenSSH\;C:\Program Files\Git\cmd;C:\Users\irene\AppData\Local\Programs\Python\Launcher\;C:\Program Files\MySQL\MySQL Shell 8.0\bin\;C:\Users\irene\AppData\Local\Microsoft\WindowsApps;C:\Program Files\JetBrains\CLion 2024.3.5\bin;;C:\Program Files\MySQL\MySQL Server 8.0\bin;
USERNAME=irene
OS=Windows_NT
PROCESSOR_IDENTIFIER=AMD64 Family 25 Model 117 Stepping 2, AuthenticAMD
TMP=C:\Users\irene\AppData\Local\Temp
TEMP=C:\Users\irene\AppData\Local\Temp




Periodic native trim disabled

---------------  S Y S T E M  ---------------

OS:
 Windows 11 , 64 bit Build 26100 (10.0.26100.3912)
OS uptime: 9 days 9:13 hours
Hyper-V role detected

CPU: total 16 (initial active 16) (16 cores per cpu, 2 threads per core) family 25 model 117 stepping 2 microcode 0xa705205, cx8, cmov, fxsr, ht, mmx, 3dnowpref, sse, sse2, sse3, ssse3, sse4a, sse4.1, sse4.2, popcnt, lzcnt, tsc, tscinvbit, avx, avx2, aes, erms, clmul, bmi1, bmi2, adx, avx512f, avx512dq, avx512cd, avx512bw, avx512vl, sha, fma, vzeroupper, avx512_vpopcntdq, avx512_vpclmulqdq, avx512_vaes, avx512_vnni, clflush, clflushopt, avx512_vbmi2, avx512_vbmi, hv, rdtscp, rdpid, fsrm, gfni, avx512_bitalg, f16c, cet_ss, avx512_ifma
Processor Information for processor 0
  Max Mhz: 3801, Current Mhz: 2516, Mhz Limit: 3801
Processor Information for processor 1
  Max Mhz: 3801, Current Mhz: 2516, Mhz Limit: 3801
Processor Information for processor 2
  Max Mhz: 3801, Current Mhz: 3801, Mhz Limit: 3801
Processor Information for processor 3
  Max Mhz: 3801, Current Mhz: 3801, Mhz Limit: 3801
Processor Information for processor 4
  Max Mhz: 3801, Current Mhz: 3801, Mhz Limit: 3801
Processor Information for processor 5
  Max Mhz: 3801, Current Mhz: 2516, Mhz Limit: 3801
Processor Information for processor 6
  Max Mhz: 3801, Current Mhz: 2516, Mhz Limit: 3801
Processor Information for processor 7
  Max Mhz: 3801, Current Mhz: 2516, Mhz Limit: 3801
Processor Information for processor 8
  Max Mhz: 3801, Current Mhz: 3801, Mhz Limit: 3801
Processor Information for processor 9
  Max Mhz: 3801, Current Mhz: 2516, Mhz Limit: 3801
Processor Information for processor 10
  Max Mhz: 3801, Current Mhz: 3801, Mhz Limit: 3801
Processor Information for processor 11
  Max Mhz: 3801, Current Mhz: 2516, Mhz Limit: 3801
Processor Information for processor 12
  Max Mhz: 3801, Current Mhz: 2516, Mhz Limit: 3801
Processor Information for processor 13
  Max Mhz: 3801, Current Mhz: 2516, Mhz Limit: 3801
Processor Information for processor 14
  Max Mhz: 3801, Current Mhz: 2516, Mhz Limit: 3801
Processor Information for processor 15
  Max Mhz: 3801, Current Mhz: 2516, Mhz Limit: 3801

Memory: 4k page, system-wide physical 15631M (1345M free)
TotalPageFile size 52495M (AvailPageFile size 14806M)
current process WorkingSet (physical memory assigned to process): 297M, peak: 375M
current process commit charge ("private bytes"): 342M, peak: 461M

vm_info: OpenJDK 64-Bit Server VM (22.0.2+9-70) for windows-amd64 JRE (22.0.2+9-70), built on 2024-06-04T16:52:23Z by "mach5one" with MS VC++ 17.6 (VS2022)

END.
