#
# A fatal error has been detected by the Java Runtime Environment:
#
#  EXCEPTION_ACCESS_VIOLATION (0xc0000005) at pc=0x00007fff60286a17, pid=12680, tid=39372
#
# JRE version: OpenJDK Runtime Environment (22.0.2+9) (build 22.0.2+9-70)
# Java VM: OpenJDK 64-Bit Server VM (22.0.2+9-70, mixed mode, sharing, tiered, compressed oops, compressed class ptrs, g1 gc, windows-amd64)
# Problematic frame:
# C  [glass.dll+0x26a17]
#
# No core dump will be written. Minidumps are not enabled by default on client versions of Windows
#
# If you would like to submit a bug report, please visit:
#   https://bugreport.java.com/bugreport/crash.jsp
#

---------------  S U M M A R Y ------------

Command Line: --module-path=C:\Users\irene\IdeaProjects\BancoApp\oo\tareas\construccion\javafx-sdk-21.0.7\lib --add-modules=javafx.controls,javafx.fxml -javaagent:C:\Users\irene\AppData\Local\JetBrains\IntelliJ IDEA 2024.2.1\lib\idea_rt.jar=56179:C:\Users\irene\AppData\Local\JetBrains\IntelliJ IDEA 2024.2.1\bin -Dfile.encoding=UTF-8 -Dsun.stdout.encoding=UTF-8 -Dsun.stderr.encoding=UTF-8 TestInicioSesionGUI

Host: AMD Ryzen 7 8845HS w/ Radeon 780M Graphics, 16 cores, 15G,  Windows 11 , 64 bit Build 26100 (10.0.26100.3912)
Time: Mon Jun  9 05:29:06 2025 Hora estándar central (México) elapsed time: 83.902186 seconds (0d 0h 1m 23s)

---------------  T H R E A D  ---------------

Current thread (0x000002c7fa693d90):  VMThread "VM Thread"          [id=39372, stack(0x000000ef13400000,0x000000ef13500000) (1024K)]

Stack: [0x000000ef13400000,0x000000ef13500000],  sp=0x000000ef134fed40,  free space=1019k
Native frames: (J=compiled Java code, j=interpreted, Vv=VM code, C=native code)
C  [glass.dll+0x26a17]  (no source info available)
C  [ucrtbase.dll+0x4bc75]  (no source info available)
C  [ucrtbase.dll+0x4b897]  (no source info available)
C  [ucrtbase.dll+0x4b84d]  (no source info available)
C  [glass.dll+0x241ed]  (no source info available)
C  [glass.dll+0x24312]  (no source info available)
C  [ntdll.dll+0x88083]  (no source info available)
C  [ntdll.dll+0x9da1f]  (no source info available)
C  [ntdll.dll+0x9c794]  (no source info available)
C  [KERNEL32.DLL+0x418ab]  (no source info available)
C  [ucrtbase.dll+0xa0093]  (no source info available)
V  [jvm.dll+0x6db87b]  (no source info available)
V  [jvm.dll+0x6db3b0]  (no source info available)
V  [jvm.dll+0x3e2314]  (no source info available)
V  [jvm.dll+0x87e0f0]  (no source info available)
V  [jvm.dll+0x87f477]  (no source info available)
V  [jvm.dll+0x87f9f0]  (no source info available)
V  [jvm.dll+0x87fc93]  (no source info available)
V  [jvm.dll+0x81dc0b]  (no source info available)
V  [jvm.dll+0x6e0d85]  (no source info available)
C  [ucrtbase.dll+0x37b0]  (no source info available)
C  [KERNEL32.DLL+0x2e8d7]  (no source info available)
C  [ntdll.dll+0x9c5dc]  (no source info available)


siginfo: EXCEPTION_ACCESS_VIOLATION (0xc0000005), reading address 0x0000000000000000


Registers:
RAX=0x0000000000000000, RBX=0x000002c7fa6a0e3a, RCX=0x000002c7fa693d90, RDX=0x000000ef134fed40
RSP=0x000000ef134fed40, RBP=0x00009212d26c8dd2, RSI=0x000002c7c5b8bdb8, RDI=0x000002c7c5b8bd90
R8 =0x0000000000010002, R9 =0x00009212d26c8dd2, R10=0x000002c7d9630000, R11=0x000002c7c608eb90
R12=0x00007fff60260000, R13=0x000000007ffe0385, R14=0x000000ef134fee48, R15=0x000002c7c5b8bd90
RIP=0x00007fff60286a17, EFLAGS=0x0000000000010202


Register to memory mapping:

RAX=0x0 is null
RBX=0x000002c7fa6a0e3a is a global jni handle
RCX=0x000002c7fa693d90 points into unknown readable memory: 0x00007ffe75b95060 | 60 50 b9 75 fe 7f 00 00
RDX=0x000000ef134fed40 points into unknown readable memory: 0x0000000000000000 | 00 00 00 00 00 00 00 00
RSP=0x000000ef134fed40 points into unknown readable memory: 0x0000000000000000 | 00 00 00 00 00 00 00 00
RBP=0x00009212d26c8dd2 is an unknown value
RSI=0x000002c7c5b8bdb8 points into unknown readable memory: 0x00009212d26c8dd2 | d2 8d 6c d2 12 92 00 00
RDI=0x000002c7c5b8bd90 points into unknown readable memory: 0xfffd12b22b8c8dd3 | d3 8d 8c 2b b2 12 fd ff
R8 =0x0000000000010002 is an unknown value
R9 =0x00009212d26c8dd2 is an unknown value
R10=0x000002c7d9630000 points into unknown readable memory: 0x0000000000000000 | 00 00 00 00 00 00 00 00
R11=0x000002c7c608eb90 points into unknown readable memory: 0x000002c7d5501d60 | 60 1d 50 d5 c7 02 00 00
R12=0x00007fff60260000 glass.dll
R13=0x000000007ffe0385 points into unknown readable memory: 00 00 00
R14=0x000000ef134fee48 points into unknown readable memory: 0x000000ef134fee30 | 30 ee 4f 13 ef 00 00 00
R15=0x000002c7c5b8bd90 points into unknown readable memory: 0xfffd12b22b8c8dd3 | d3 8d 8c 2b b2 12 fd ff

Top of Stack: (sp=0x000000ef134fed40)
0x000000ef134fed40:   0000000000000000 000002c700000000
0x000000ef134fed50:   000002c7c5fd5ff0 00007fff60260000
0x000000ef134fed60:   000002c7c5b8bd98 00007fff886dbc75
0x000000ef134fed70:   000002c7c5b8bd90 000002c700000000
0x000000ef134fed80:   000002c7c5b8bdb0 00009212d26c8dd2
0x000000ef134fed90:   fffffffffffffffe 000000ef134fee68
0x000000ef134feda0:   0000000000000000 00007fff60260000
0x000000ef134fedb0:   000000ef134fee38 00007fff886db897
0x000000ef134fedc0:   000000ef134fee00 000000ef134fee48
0x000000ef134fedd0:   000000ef134ff370 00007fff887c88c0
0x000000ef134fede0:   0000000000000001 00007fff886db84d
0x000000ef134fedf0:   0000000000000000 0000000000000001
0x000000ef134fee00:   000000ef134ff370 000000ef134fee38
0x000000ef134fee10:   fffffffffffffffe 00007fff8b50b863
0x000000ef134fee20:   000002c7c6c50710 00007fff602841ed
0x000000ef134fee30:   00007fff6029a008 000000ef00000002
0x000000ef134fee40:   0000000000000002 000000ef134fee30
0x000000ef134fee50:   0000000000000000 00007fff87c75d97
0x000000ef134fee60:   0000000000000000 00007fff60284312
0x000000ef134fee70:   0000000000000001 00007fff87c78dc0
0x000000ef134fee80:   0000000000000001 00007fff87c78ed1
0x000000ef134fee90:   00007fff87c70000 000000ef134ff370
0x000000ef134feea0:   0000000000000001 000000ef134ff370
0x000000ef134feeb0:   00007fff60284360 0000000000000001
0x000000ef134feec0:   0000000000000001 00007fff8b588083
0x000000ef134feed0:   00007fff60260000 0000000000000000
0x000000ef134feee0:   0000000000000001 000000007ffe0384
0x000000ef134feef0:   000000000000008d 0000000000000000
0x000000ef134fef00:   0000000000000000 0000000000000000
0x000000ef134fef10:   00007fff60260000 ffffcc6d00000000
0x000000ef134fef20:   00000000000000b9 0000000000000000
0x000000ef134fef30:   0000000000000000 000002c7d9a36400 

Instructions: (pc=0x00007fff60286a17)
0x00007fff60286917:   8b 4d 58 e8 8d cf ff ff 48 8b 4d 60 e8 84 cf ff
0x00007fff60286927:   ff 48 8b 95 80 00 00 00 48 8b 8d 18 01 00 00 e8
0x00007fff60286937:   76 c4 ff ff 33 d2 33 c9 e8 cc e1 ff ff 90 48 89
0x00007fff60286947:   54 24 10 55 48 83 ec 20 48 8b ea 48 b8 00 00 00
0x00007fff60286957:   00 00 00 00 00 48 83 c4 20 5d c3 cc 40 55 48 8b
0x00007fff60286967:   ea 48 8b 01 33 c9 81 38 05 00 00 c0 0f 94 c1 8b
0x00007fff60286977:   c1 5d c3 cc 40 55 48 83 ec 20 48 8b ea 8a 4d 40
0x00007fff60286987:   48 83 c4 20 5d e9 73 d3 ff ff cc 40 55 48 83 ec
0x00007fff60286997:   20 48 8b ea 8a 4d 20 e8 61 d3 ff ff 90 48 83 c4
0x00007fff602869a7:   20 5d c3 cc 40 55 48 83 ec 20 48 8b ea 48 83 c4
0x00007fff602869b7:   20 5d e9 c2 d1 ff ff cc 40 55 48 83 ec 30 48 8b
0x00007fff602869c7:   ea 48 8b 01 8b 10 48 89 4c 24 28 89 54 24 20 4c
0x00007fff602869d7:   8d 0d 63 d6 ff ff 4c 8b 45 70 8b 55 68 48 8b 4d
0x00007fff602869e7:   60 e8 03 d1 ff ff 90 48 83 c4 30 5d c3 cc cc cc
0x00007fff602869f7:   cc cc cc cc cc cc cc cc cc 40 53 48 83 ec 20 48
0x00007fff60286a07:   8b 1d fb 2f 01 00 48 85 db 74 16 e8 89 8f ff ff
0x00007fff60286a17:   4c 8b 00 48 8b d3 48 8b c8 41 ff 90 b0 00 00 00
0x00007fff60286a27:   90 48 83 c4 20 5b c3 cc cc 40 53 48 83 ec 20 48
0x00007fff60286a37:   8b 1d 6b 31 01 00 48 85 db 74 57 b8 ff ff ff ff
0x00007fff60286a47:   f0 0f c1 43 10 83 f8 01 75 3d 48 85 db 74 38 48
0x00007fff60286a57:   8b 0b 48 85 c9 74 0d ff 15 44 08 00 00 48 c7 03
0x00007fff60286a67:   00 00 00 00 48 8b 4b 08 48 85 c9 74 0d e8 33 ce
0x00007fff60286a77:   ff ff 48 c7 43 08 00 00 00 00 ba 18 00 00 00 48
0x00007fff60286a87:   8b cb e8 1e ce ff ff 48 c7 05 0f 31 01 00 00 00
0x00007fff60286a97:   00 00 48 83 c4 20 5b c3 cc 40 53 48 83 ec 20 48
0x00007fff60286aa7:   8b 1d db 30 01 00 48 85 db 74 57 b8 ff ff ff ff
0x00007fff60286ab7:   f0 0f c1 43 10 83 f8 01 75 3d 48 85 db 74 38 48
0x00007fff60286ac7:   8b 0b 48 85 c9 74 0d ff 15 d4 07 00 00 48 c7 03
0x00007fff60286ad7:   00 00 00 00 48 8b 4b 08 48 85 c9 74 0d e8 c3 cd
0x00007fff60286ae7:   ff ff 48 c7 43 08 00 00 00 00 ba 18 00 00 00 48
0x00007fff60286af7:   8b cb e8 ae cd ff ff 48 c7 05 7f 30 01 00 00 00
0x00007fff60286b07:   00 00 48 83 c4 20 5b c3 cc 40 53 48 83 ec 20 48 


Stack slot to memory mapping:

stack at sp + 0 slots: 0x0 is null
stack at sp + 1 slots: 0x000002c700000000 is an unknown value
stack at sp + 2 slots: 0x000002c7c5fd5ff0 points into unknown readable memory: 0x000002c7c6065eb0 | b0 5e 06 c6 c7 02 00 00
stack at sp + 3 slots: 0x00007fff60260000 glass.dll
stack at sp + 4 slots: 0x000002c7c5b8bd98 points into unknown readable memory: 0x00009212d26c8dd2 | d2 8d 6c d2 12 92 00 00
stack at sp + 5 slots: 0x00007fff886dbc75 ucrtbase.dll
stack at sp + 6 slots: 0x000002c7c5b8bd90 points into unknown readable memory: 0xfffd12b22b8c8dd3 | d3 8d 8c 2b b2 12 fd ff
stack at sp + 7 slots: 0x000002c700000000 is an unknown value

VM_Operation (0x000000ef12afedb0): Exit, mode: safepoint, requested by thread 0x000002c7d4b74510


---------------  P R O C E S S  ---------------

Threads class SMR info:
_java_thread_list=0x000002c7d6181300, length=25, elements={
0x000002c7d9759340, 0x000002c7fa6abc30, 0x000002c7fa6ac780, 0x000002c7fa6af410,
0x000002c7fa6b37f0, 0x000002c7c5148310, 0x000002c7fa6be7b0, 0x000002c7c516bd50,
0x000002c7c516c8f0, 0x000002c7fa67c200, 0x000002c7c5d73de0, 0x000002c7c556c070,
0x000002c7c54bdd30, 0x000002c7c5b8ce70, 0x000002c7c5de2620, 0x000002c7c69b0980,
0x000002c7c6998240, 0x000002c7d4b3f510, 0x000002c7d4b32cf0, 0x000002c7d4b765e0,
0x000002c7d4b73e80, 0x000002c7d4b737f0, 0x000002c7d4b74ba0, 0x000002c7d4b75230,
0x000002c7d4b74510
}

Java Threads: ( => current thread )
  0x000002c7d9759340 JavaThread "main"                              [_thread_blocked, id=34136, stack(0x000000ef12d00000,0x000000ef12e00000) (1024K)]
  0x000002c7fa6abc30 JavaThread "Reference Handler"          daemon [_thread_blocked, id=31628, stack(0x000000ef13500000,0x000000ef13600000) (1024K)]
  0x000002c7fa6ac780 JavaThread "Finalizer"                  daemon [_thread_blocked, id=46188, stack(0x000000ef13600000,0x000000ef13700000) (1024K)]
  0x000002c7fa6af410 JavaThread "Signal Dispatcher"          daemon [_thread_blocked, id=41020, stack(0x000000ef13700000,0x000000ef13800000) (1024K)]
  0x000002c7fa6b37f0 JavaThread "Attach Listener"            daemon [_thread_blocked, id=33116, stack(0x000000ef13800000,0x000000ef13900000) (1024K)]
  0x000002c7c5148310 JavaThread "Service Thread"             daemon [_thread_blocked, id=44328, stack(0x000000ef13900000,0x000000ef13a00000) (1024K)]
  0x000002c7fa6be7b0 JavaThread "Monitor Deflation Thread"   daemon [_thread_blocked, id=36868, stack(0x000000ef13a00000,0x000000ef13b00000) (1024K)]
  0x000002c7c516bd50 JavaThread "C2 CompilerThread0"         daemon [_thread_blocked, id=18796, stack(0x000000ef13b00000,0x000000ef13c00000) (1024K)]
  0x000002c7c516c8f0 JavaThread "C1 CompilerThread0"         daemon [_thread_blocked, id=440, stack(0x000000ef13c00000,0x000000ef13d00000) (1024K)]
  0x000002c7fa67c200 JavaThread "Common-Cleaner"             daemon [_thread_blocked, id=51672, stack(0x000000ef13d00000,0x000000ef13e00000) (1024K)]
  0x000002c7c5d73de0 JavaThread "Monitor Ctrl-Break"         daemon [_thread_in_native, id=20268, stack(0x000000ef14500000,0x000000ef14600000) (1024K)]
  0x000002c7c556c070 JavaThread "Notification Thread"        daemon [_thread_blocked, id=46624, stack(0x000000ef14600000,0x000000ef14700000) (1024K)]
  0x000002c7c54bdd30 JavaThread "QuantumRenderer-0"          daemon [_thread_blocked, id=35724, stack(0x000000ef14400000,0x000000ef14500000) (1024K)]
  0x000002c7c5b8ce70 JavaThread "InvokeLaterDispatcher"      daemon [_thread_blocked, id=49104, stack(0x000000ef14700000,0x000000ef14800000) (1024K)]
  0x000002c7c5de2620 JavaThread "JavaFX Application Thread"         [_thread_in_native, id=7272, stack(0x000000ef14800000,0x000000ef14900000) (1024K)]
  0x000002c7c69b0980 JavaThread "RMI TCP Accept-0"           daemon [_thread_in_native, id=14972, stack(0x000000ef14f00000,0x000000ef15000000) (1024K)]
  0x000002c7c6998240 JavaThread "RMI TCP Connection(1)-192.168.1.76" daemon [_thread_in_native, id=51184, stack(0x000000ef15e00000,0x000000ef15f00000) (1024K)]
  0x000002c7d4b3f510 JavaThread "RMI Scheduler(0)"           daemon [_thread_blocked, id=31500, stack(0x000000ef16100000,0x000000ef16200000) (1024K)]
  0x000002c7d4b32cf0 JavaThread "JMX server connection timeout 44" daemon [_thread_blocked, id=30636, stack(0x000000ef16200000,0x000000ef16300000) (1024K)]
  0x000002c7d4b765e0 JavaThread "JavaFX-Launcher"                   [_thread_blocked, id=16376, stack(0x000000ef16400000,0x000000ef16500000) (1024K)]
  0x000002c7d4b73e80 JavaThread "Thread-2"                   daemon [_thread_in_native, id=31432, stack(0x000000ef16300000,0x000000ef16400000) (1024K)]
  0x000002c7d4b737f0 JavaThread "Prism Font Disposer"        daemon [_thread_blocked, id=48220, stack(0x000000ef16d00000,0x000000ef16e00000) (1024K)]
  0x000002c7d4b74ba0 JavaThread "Cleaner-0"                  daemon [_thread_blocked, id=24640, stack(0x000000ef17000000,0x000000ef17100000) (1024K)]
  0x000002c7d4b75230 JavaThread "mysql-cj-abandoned-connection-cleanup" daemon [_thread_blocked, id=8536, stack(0x000000ef13f00000,0x000000ef14000000) (1024K)]
  0x000002c7d4b74510 JavaThread "SIGINT handler"             daemon [_thread_blocked, id=12204, stack(0x000000ef12a00000,0x000000ef12b00000) (1024K)]
Total: 25

Other Threads:
=>0x000002c7fa693d90 VMThread "VM Thread"                           [id=39372, stack(0x000000ef13400000,0x000000ef13500000) (1024K)]
  0x000002c7db2896f0 WorkerThread "GC Thread#0"                     [id=24024, stack(0x000000ef12e00000,0x000000ef12f00000) (1024K)]
  0x000002c7c603d3f0 WorkerThread "GC Thread#1"                     [id=33088, stack(0x000000ef14900000,0x000000ef14a00000) (1024K)]
  0x000002c7c603d7a0 WorkerThread "GC Thread#2"                     [id=44980, stack(0x000000ef14a00000,0x000000ef14b00000) (1024K)]
  0x000002c7c603db50 WorkerThread "GC Thread#3"                     [id=26444, stack(0x000000ef14b00000,0x000000ef14c00000) (1024K)]
  0x000002c7c6693a90 WorkerThread "GC Thread#4"                     [id=51356, stack(0x000000ef14c00000,0x000000ef14d00000) (1024K)]
  0x000002c7c6c20ab0 WorkerThread "GC Thread#5"                     [id=52476, stack(0x000000ef14d00000,0x000000ef14e00000) (1024K)]
  0x000002c7c62464a0 WorkerThread "GC Thread#6"                     [id=51452, stack(0x000000ef14e00000,0x000000ef14f00000) (1024K)]
  0x000002c7d4eeada0 WorkerThread "GC Thread#7"                     [id=7064, stack(0x000000ef14300000,0x000000ef14400000) (1024K)]
  0x000002c7d4eed9e0 WorkerThread "GC Thread#8"                     [id=39672, stack(0x000000ef16500000,0x000000ef16600000) (1024K)]
  0x000002c7d4eeb500 WorkerThread "GC Thread#9"                     [id=47764, stack(0x000000ef16600000,0x000000ef16700000) (1024K)]
  0x000002c7d4eecb20 WorkerThread "GC Thread#10"                    [id=14508, stack(0x000000ef16700000,0x000000ef16800000) (1024K)]
  0x000002c7d4eeb8b0 WorkerThread "GC Thread#11"                    [id=22252, stack(0x000000ef16800000,0x000000ef16900000) (1024K)]
  0x000002c7d4eeb150 WorkerThread "GC Thread#12"                    [id=27176, stack(0x000000ef16900000,0x000000ef16a00000) (1024K)]
  0x000002c7db29aa40 ConcurrentGCThread "G1 Main Marker"            terminated
  0x000002c7db29b550 WorkerThread "G1 Conc#0"                       [id=29732, stack(0x000000ef13000000,0x000000ef13100000) (1024K)]
  0x000002c7d4eed280 WorkerThread "G1 Conc#1"                       [id=47832, stack(0x000000ef16e00000,0x000000ef16f00000) (1024K)]
  0x000002c7d4eec010 WorkerThread "G1 Conc#2"                       [id=52480, stack(0x000000ef16f00000,0x000000ef17000000) (1024K)]
  0x000002c7fa544430 ConcurrentGCThread "G1 Refine#0"               terminated
  0x000002c7fa544dc0 ConcurrentGCThread "G1 Service"                terminated
Total: 20

Threads with active compile tasks:
Total: 0

VM state: at safepoint (shutting down)

VM Mutex/Monitor currently owned by a thread:  ([mutex/lock_event])
[0x00007ffe75d6cb80] Threads_lock - owner thread: 0x000002c7fa693d90
[0x00007ffe75d6cc80] Heap_lock - owner thread: 0x000002c7d4b74510

Heap address: 0x000000070bc00000, size: 3908 MB, Compressed Oops mode: Zero based, Oop shift amount: 3

CDS archive(s) mapped at: [0x000002c780000000-0x000002c780c60000-0x000002c780c60000), size 12976128, SharedBaseAddress: 0x000002c780000000, ArchiveRelocationMode: 1.
Compressed class space mapped at: 0x000002c781000000-0x000002c7c1000000, reserved size: 1073741824
Narrow klass base: 0x000002c780000000, Narrow klass shift: 0, Narrow klass range: 0x41000000

GC Precious Log:
 CardTable entry size: 512
 Card Set container configuration: InlinePtr #cards 4 size 8 Array Of Cards #cards 16 size 48 Howl #buckets 8 coarsen threshold 3686 Howl Bitmap #cards 512 size 80 coarsen threshold 460 Card regions per heap region 1 cards per card region 4096
 CPUs: 16 total, 16 available
 Memory: 15631M
 Large Page Support: Disabled
 NUMA Support: Disabled
 Compressed Oops: Enabled (Zero based)
 Heap Region Size: 2M
 Heap Min Capacity: 8M
 Heap Initial Capacity: 246M
 Heap Max Capacity: 3908M
 Pre-touch: Disabled
 Parallel Workers: 13
 Concurrent Workers: 3
 Concurrent Refinement Workers: 13
 Periodic GC: Disabled

Heap:
 garbage-first heap   total reserved 4001792K, committed 61440K, used 42368K [0x000000070bc00000, 0x0000000800000000)
  region size 2048K, 6 young (12288K), 2 survivors (4096K)
 Metaspace       used 40825K, committed 41344K, reserved 1114112K
  class space    used 5390K, committed 5632K, reserved 1048576K

Heap Regions: E=young(eden), S=young(survivor), O=old, HS=humongous(starts), HC=humongous(continues), CS=collection set, F=free, TAMS=top-at-mark-start, PB=parsable bottom
|   0|0x000000070bc00000, 0x000000070be00000, 0x000000070be00000|100%| O|  |TAMS 0x000000070bc00000| PB 0x000000070bc00000| Untracked |  0
|   1|0x000000070be00000, 0x000000070c000000, 0x000000070c000000|100%| O|  |TAMS 0x000000070be00000| PB 0x000000070be00000| Untracked |  0
|   2|0x000000070c000000, 0x000000070c200000, 0x000000070c200000|100%|HS|  |TAMS 0x000000070c000000| PB 0x000000070c000000| Complete |  0
|   3|0x000000070c200000, 0x000000070c400000, 0x000000070c400000|100%|HS|  |TAMS 0x000000070c200000| PB 0x000000070c200000| Complete |  0
|   4|0x000000070c400000, 0x000000070c600000, 0x000000070c600000|100%| O|  |TAMS 0x000000070c400000| PB 0x000000070c400000| Untracked |  0
|   5|0x000000070c600000, 0x000000070c800000, 0x000000070c800000|100%| O|  |TAMS 0x000000070c600000| PB 0x000000070c600000| Untracked |  0
|   6|0x000000070c800000, 0x000000070ca00000, 0x000000070ca00000|100%| O|  |TAMS 0x000000070c800000| PB 0x000000070c800000| Untracked |  0
|   7|0x000000070ca00000, 0x000000070cc00000, 0x000000070cc00000|100%| O|  |TAMS 0x000000070ca00000| PB 0x000000070ca00000| Untracked |  0
|   8|0x000000070cc00000, 0x000000070ce00000, 0x000000070ce00000|100%| O|  |TAMS 0x000000070cc00000| PB 0x000000070cc00000| Untracked |  0
|   9|0x000000070ce00000, 0x000000070d000000, 0x000000070d000000|100%| O|  |TAMS 0x000000070ce00000| PB 0x000000070ce00000| Untracked |  0
|  10|0x000000070d000000, 0x000000070d200000, 0x000000070d200000|100%| O|  |TAMS 0x000000070d000000| PB 0x000000070d000000| Untracked |  0
|  11|0x000000070d200000, 0x000000070d400000, 0x000000070d400000|100%| O|  |TAMS 0x000000070d200000| PB 0x000000070d200000| Untracked |  0
|  12|0x000000070d400000, 0x000000070d600000, 0x000000070d600000|100%| O|  |TAMS 0x000000070d400000| PB 0x000000070d400000| Untracked |  0
|  13|0x000000070d600000, 0x000000070d800000, 0x000000070d800000|100%| O|  |TAMS 0x000000070d600000| PB 0x000000070d600000| Untracked |  0
|  14|0x000000070d800000, 0x000000070da00000, 0x000000070da00000|100%| O|  |TAMS 0x000000070d800000| PB 0x000000070d800000| Untracked |  0
|  15|0x000000070da00000, 0x000000070da00000, 0x000000070dc00000|  0%| F|  |TAMS 0x000000070da00000| PB 0x000000070da00000| Untracked |  0
|  16|0x000000070dc00000, 0x000000070de00000, 0x000000070de00000|100%| O|  |TAMS 0x000000070dc00000| PB 0x000000070dc00000| Untracked |  0
|  17|0x000000070de00000, 0x000000070de00000, 0x000000070e000000|  0%| F|  |TAMS 0x000000070de00000| PB 0x000000070de00000| Untracked |  0
|  18|0x000000070e000000, 0x000000070e000000, 0x000000070e200000|  0%| F|  |TAMS 0x000000070e000000| PB 0x000000070e000000| Untracked |  0
|  19|0x000000070e200000, 0x000000070e360278, 0x000000070e400000| 68%| S|CS|TAMS 0x000000070e200000| PB 0x000000070e200000| Complete |  0
|  20|0x000000070e400000, 0x000000070e600000, 0x000000070e600000|100%| S|CS|TAMS 0x000000070e400000| PB 0x000000070e400000| Complete |  0
|  21|0x000000070e600000, 0x000000070e600000, 0x000000070e800000|  0%| F|  |TAMS 0x000000070e600000| PB 0x000000070e600000| Untracked |  0
|  22|0x000000070e800000, 0x000000070e800000, 0x000000070ea00000|  0%| F|  |TAMS 0x000000070e800000| PB 0x000000070e800000| Untracked |  0
|  23|0x000000070ea00000, 0x000000070ea00000, 0x000000070ec00000|  0%| F|  |TAMS 0x000000070ea00000| PB 0x000000070ea00000| Untracked |  0
|  24|0x000000070ec00000, 0x000000070ec00000, 0x000000070ee00000|  0%| F|  |TAMS 0x000000070ec00000| PB 0x000000070ec00000| Untracked |  0
|  25|0x000000070ee00000, 0x000000070ee00000, 0x000000070f000000|  0%| F|  |TAMS 0x000000070ee00000| PB 0x000000070ee00000| Untracked |  0
| 108|0x0000000719400000, 0x000000071949aac0, 0x0000000719600000| 30%| E|  |TAMS 0x0000000719400000| PB 0x0000000719400000| Complete |  0
| 109|0x0000000719600000, 0x0000000719800000, 0x0000000719800000|100%| E|CS|TAMS 0x0000000719600000| PB 0x0000000719600000| Complete |  0
| 110|0x0000000719800000, 0x0000000719a00000, 0x0000000719a00000|100%| E|CS|TAMS 0x0000000719800000| PB 0x0000000719800000| Complete |  0
| 122|0x000000071b000000, 0x000000071b200000, 0x000000071b200000|100%| E|CS|TAMS 0x000000071b000000| PB 0x000000071b000000| Complete |  0

Card table byte_map: [0x000002c7f3d20000,0x000002c7f44d0000] _byte_map_base: 0x000002c7f04c2000

Marking Bits: (CMBitMap*) 0x000002c7db289e00
 Bits: [0x000002c7f44d0000, 0x000002c7f81e0000)

Polling page: 0x000002c7d9970000

Metaspace:

Usage:
  Non-class:     34.60 MB used.
      Class:      5.26 MB used.
       Both:     39.87 MB used.

Virtual space:
  Non-class space:       64.00 MB reserved,      34.88 MB ( 54%) committed,  1 nodes.
      Class space:        1.00 GB reserved,       5.50 MB ( <1%) committed,  1 nodes.
             Both:        1.06 GB reserved,      40.38 MB (  4%) committed. 

Chunk freelists:
   Non-Class:  12.89 MB
       Class:  10.54 MB
        Both:  23.43 MB

MaxMetaspaceSize: unlimited
CompressedClassSpaceSize: 1.00 GB
Initial GC threshold: 21.00 MB
Current GC threshold: 61.25 MB
CDS: on
 - commit_granule_bytes: 65536.
 - commit_granule_words: 8192.
 - virtual_space_node_default_size: 8388608.
 - enlarge_chunks_in_place: 1.
 - use_allocation_guard: 0.


Internal statistics:

num_allocs_failed_limit: 6.
num_arena_births: 602.
num_arena_deaths: 0.
num_vsnodes_births: 2.
num_vsnodes_deaths: 0.
num_space_committed: 646.
num_space_uncommitted: 0.
num_chunks_returned_to_freelist: 6.
num_chunks_taken_from_freelist: 1682.
num_chunk_merges: 6.
num_chunk_splits: 1168.
num_chunks_enlarged: 855.
num_inconsistent_stats: 0.

CodeHeap 'non-profiled nmethods': size=119168Kb used=4606Kb max_used=4606Kb free=114561Kb
 bounds [0x000002c7eb130000, 0x000002c7eb5b0000, 0x000002c7f2590000]
CodeHeap 'profiled nmethods': size=119104Kb used=16329Kb max_used=16329Kb free=102774Kb
 bounds [0x000002c7e3590000, 0x000002c7e4590000, 0x000002c7ea9e0000]
CodeHeap 'non-nmethods': size=7488Kb used=2353Kb max_used=4068Kb free=5134Kb
 bounds [0x000002c7ea9e0000, 0x000002c7eae40000, 0x000002c7eb130000]
 total_blobs=8720 nmethods=7707 adapters=917
 compilation: enabled
              stopped_count=0, restarted_count=0
 full_count=0

Compilation events (20 events):
Event: 79.673 Thread 0x000002c7c516c8f0 nmethod 8364 0x000002c7e457f710 code [0x000002c7e457f8c0, 0x000002c7e457fac8]
Event: 79.673 Thread 0x000002c7c516c8f0 8365       3       java.io.ObjectStreamClass::computeFieldOffsets (308 bytes)
Event: 79.673 Thread 0x000002c7c516bd50 nmethod 8363 0x000002c7eb5aee10 code [0x000002c7eb5aefa0, 0x000002c7eb5af138]
Event: 79.674 Thread 0x000002c7c516bd50 8366       4       java.io.ObjectStreamField::getSignature (39 bytes)
Event: 79.674 Thread 0x000002c7c516c8f0 nmethod 8365 0x000002c7e457fc10 code [0x000002c7e457fe80, 0x000002c7e4580c28]
Event: 79.674 Thread 0x000002c7c516bd50 nmethod 8366 0x000002c7eb5af310 code [0x000002c7eb5af480, 0x000002c7eb5af530]
Event: 80.752 Thread 0x000002c7c516c8f0 8367       3       java.io.ObjectStreamClass::getVariantFor (51 bytes)
Event: 80.752 Thread 0x000002c7c516c8f0 nmethod 8367 0x000002c7e4581090 code [0x000002c7e4581260, 0x000002c7e45815f0]
Event: 80.753 Thread 0x000002c7c516c8f0 8368       3       java.io.ObjectStreamClass$ClassDataSlot::<init> (15 bytes)
Event: 80.753 Thread 0x000002c7c516c8f0 nmethod 8368 0x000002c7e4581710 code [0x000002c7e45818a0, 0x000002c7e4581a78]
Event: 81.830 Thread 0x000002c7c516bd50 8369       4       java.io.ObjectOutputStream$BlockDataOutputStream::writeShort (47 bytes)
Event: 81.832 Thread 0x000002c7c516bd50 nmethod 8369 0x000002c7eb5af610 code [0x000002c7eb5af7a0, 0x000002c7eb5af8e8]
Event: 82.898 Thread 0x000002c7c516c8f0 8370       3       java.io.ObjectStreamClass$FieldReflectorKey::equals (37 bytes)
Event: 82.899 Thread 0x000002c7c516c8f0 nmethod 8370 0x000002c7e4581b10 code [0x000002c7e4581cc0, 0x000002c7e4582068]
Event: 82.899 Thread 0x000002c7c516c8f0 8371       3       java.util.Collections::reverse (125 bytes)
Event: 82.899 Thread 0x000002c7c516c8f0 nmethod 8371 0x000002c7e4582190 code [0x000002c7e45823e0, 0x000002c7e4582e50]
Event: 83.370 Thread 0x000002c7c516c8f0 8372       3       java.util.logging.LogManager$LoggerContext::requiresDefaultLoggers (29 bytes)
Event: 83.370 Thread 0x000002c7c516c8f0 nmethod 8372 0x000002c7e4583110 code [0x000002c7e45832c0, 0x000002c7e45834c8]
Event: 83.370 Thread 0x000002c7c516c8f0 8373       3       java.util.concurrent.locks.ReentrantReadWriteLock$FairSync::readerShouldBlock (5 bytes)
Event: 83.371 Thread 0x000002c7c516c8f0 nmethod 8373 0x000002c7e4583590 code [0x000002c7e4583740, 0x000002c7e4583878]

GC Heap History (20 events):
Event: 1.183 GC heap before
{Heap before GC invocations=1 (full 0):
 garbage-first heap   total reserved 4001792K, committed 251904K, used 39650K [0x000000070bc00000, 0x0000000800000000)
  region size 2048K, 19 young (38912K), 2 survivors (4096K)
 Metaspace       used 17247K, committed 17664K, reserved 1114112K
  class space    used 2132K, committed 2368K, reserved 1048576K
}
Event: 1.187 GC heap after
{Heap after GC invocations=2 (full 0):
 garbage-first heap   total reserved 4001792K, committed 251904K, used 8909K [0x000000070bc00000, 0x0000000800000000)
  region size 2048K, 3 young (6144K), 3 survivors (6144K)
 Metaspace       used 17247K, committed 17664K, reserved 1114112K
  class space    used 2132K, committed 2368K, reserved 1048576K
}
Event: 1.449 GC heap before
{Heap before GC invocations=2 (full 0):
 garbage-first heap   total reserved 4001792K, committed 251904K, used 31437K [0x000000070bc00000, 0x0000000800000000)
  region size 2048K, 15 young (30720K), 3 survivors (6144K)
 Metaspace       used 21079K, committed 21504K, reserved 1114112K
  class space    used 2849K, committed 3072K, reserved 1048576K
}
Event: 1.452 GC heap after
{Heap after GC invocations=3 (full 0):
 garbage-first heap   total reserved 4001792K, committed 251904K, used 12943K [0x000000070bc00000, 0x0000000800000000)
  region size 2048K, 3 young (6144K), 3 survivors (6144K)
 Metaspace       used 21079K, committed 21504K, reserved 1114112K
  class space    used 2849K, committed 3072K, reserved 1048576K
}
Event: 13.002 GC heap before
{Heap before GC invocations=4 (full 0):
 garbage-first heap   total reserved 4001792K, committed 49152K, used 47759K [0x000000070bc00000, 0x0000000800000000)
  region size 2048K, 19 young (38912K), 3 survivors (6144K)
 Metaspace       used 31846K, committed 32320K, reserved 1114112K
  class space    used 4280K, committed 4480K, reserved 1048576K
}
Event: 13.007 GC heap after
{Heap after GC invocations=5 (full 0):
 garbage-first heap   total reserved 4001792K, committed 61440K, used 19400K [0x000000070bc00000, 0x0000000800000000)
  region size 2048K, 6 young (12288K), 6 survivors (12288K)
 Metaspace       used 31846K, committed 32320K, reserved 1114112K
  class space    used 4280K, committed 4480K, reserved 1048576K
}
Event: 14.871 GC heap before
{Heap before GC invocations=5 (full 0):
 garbage-first heap   total reserved 4001792K, committed 61440K, used 41928K [0x000000070bc00000, 0x0000000800000000)
  region size 2048K, 17 young (34816K), 6 survivors (12288K)
 Metaspace       used 35093K, committed 35584K, reserved 1114112K
  class space    used 4797K, committed 4992K, reserved 1048576K
}
Event: 14.875 GC heap after
{Heap after GC invocations=6 (full 0):
 garbage-first heap   total reserved 4001792K, committed 61440K, used 21000K [0x000000070bc00000, 0x0000000800000000)
  region size 2048K, 2 young (4096K), 2 survivors (4096K)
 Metaspace       used 35093K, committed 35584K, reserved 1114112K
  class space    used 4797K, committed 4992K, reserved 1048576K
}
Event: 14.951 GC heap before
{Heap before GC invocations=6 (full 0):
 garbage-first heap   total reserved 4001792K, committed 61440K, used 27144K [0x000000070bc00000, 0x0000000800000000)
  region size 2048K, 6 young (12288K), 2 survivors (4096K)
 Metaspace       used 35682K, committed 36096K, reserved 1114112K
  class space    used 4910K, committed 5120K, reserved 1048576K
}
Event: 14.954 GC heap after
{Heap after GC invocations=7 (full 0):
 garbage-first heap   total reserved 4001792K, committed 61440K, used 21688K [0x000000070bc00000, 0x0000000800000000)
  region size 2048K, 2 young (4096K), 2 survivors (4096K)
 Metaspace       used 35682K, committed 36096K, reserved 1114112K
  class space    used 4910K, committed 5120K, reserved 1048576K
}
Event: 17.407 GC heap before
{Heap before GC invocations=8 (full 0):
 garbage-first heap   total reserved 4001792K, committed 61440K, used 50360K [0x000000070bc00000, 0x0000000800000000)
  region size 2048K, 16 young (32768K), 2 survivors (4096K)
 Metaspace       used 36625K, committed 37184K, reserved 1114112K
  class space    used 4944K, committed 5184K, reserved 1048576K
}
Event: 17.410 GC heap after
{Heap after GC invocations=9 (full 0):
 garbage-first heap   total reserved 4001792K, committed 61440K, used 27008K [0x000000070bc00000, 0x0000000800000000)
  region size 2048K, 2 young (4096K), 2 survivors (4096K)
 Metaspace       used 36625K, committed 37184K, reserved 1114112K
  class space    used 4944K, committed 5184K, reserved 1048576K
}
Event: 19.813 GC heap before
{Heap before GC invocations=9 (full 0):
 garbage-first heap   total reserved 4001792K, committed 61440K, used 49536K [0x000000070bc00000, 0x0000000800000000)
  region size 2048K, 13 young (26624K), 2 survivors (4096K)
 Metaspace       used 36868K, committed 37376K, reserved 1114112K
  class space    used 4963K, committed 5184K, reserved 1048576K
}
Event: 19.816 GC heap after
{Heap after GC invocations=10 (full 0):
 garbage-first heap   total reserved 4001792K, committed 61440K, used 31133K [0x000000070bc00000, 0x0000000800000000)
  region size 2048K, 2 young (4096K), 2 survivors (4096K)
 Metaspace       used 36868K, committed 37376K, reserved 1114112K
  class space    used 4963K, committed 5184K, reserved 1048576K
}
Event: 35.889 GC heap before
{Heap before GC invocations=10 (full 0):
 garbage-first heap   total reserved 4001792K, committed 61440K, used 49565K [0x000000070bc00000, 0x0000000800000000)
  region size 2048K, 11 young (22528K), 2 survivors (4096K)
 Metaspace       used 37136K, committed 37632K, reserved 1114112K
  class space    used 4988K, committed 5184K, reserved 1048576K
}
Event: 35.892 GC heap after
{Heap after GC invocations=11 (full 0):
 garbage-first heap   total reserved 4001792K, committed 61440K, used 35282K [0x000000070bc00000, 0x0000000800000000)
  region size 2048K, 2 young (4096K), 2 survivors (4096K)
 Metaspace       used 37136K, committed 37632K, reserved 1114112K
  class space    used 4988K, committed 5184K, reserved 1048576K
}
Event: 37.203 GC heap before
{Heap before GC invocations=12 (full 0):
 garbage-first heap   total reserved 4001792K, committed 61440K, used 47570K [0x000000070bc00000, 0x0000000800000000)
  region size 2048K, 9 young (18432K), 2 survivors (4096K)
 Metaspace       used 37695K, committed 38144K, reserved 1114112K
  class space    used 5042K, committed 5248K, reserved 1048576K
}
Event: 37.205 GC heap after
{Heap after GC invocations=13 (full 0):
 garbage-first heap   total reserved 4001792K, committed 61440K, used 34140K [0x000000070bc00000, 0x0000000800000000)
  region size 2048K, 1 young (2048K), 1 survivors (2048K)
 Metaspace       used 37695K, committed 38144K, reserved 1114112K
  class space    used 5042K, committed 5248K, reserved 1048576K
}
Event: 37.508 GC heap before
{Heap before GC invocations=13 (full 0):
 garbage-first heap   total reserved 4001792K, committed 61440K, used 48476K [0x000000070bc00000, 0x0000000800000000)
  region size 2048K, 9 young (18432K), 1 survivors (2048K)
 Metaspace       used 40323K, committed 40832K, reserved 1114112K
  class space    used 5335K, committed 5568K, reserved 1048576K
}
Event: 37.510 GC heap after
{Heap after GC invocations=14 (full 0):
 garbage-first heap   total reserved 4001792K, committed 61440K, used 36224K [0x000000070bc00000, 0x0000000800000000)
  region size 2048K, 2 young (4096K), 2 survivors (4096K)
 Metaspace       used 40323K, committed 40832K, reserved 1114112K
  class space    used 5335K, committed 5568K, reserved 1048576K
}

Dll operation events (20 events):
Event: 0.303 Loaded shared library C:\Users\irene\IdeaProjects\BancoApp\oo\tareas\construccion\javafx-sdk-21.0.7\bin\api-ms-win-crt-private-l1-1-0.dll
Event: 0.305 Loaded shared library C:\Users\irene\IdeaProjects\BancoApp\oo\tareas\construccion\javafx-sdk-21.0.7\bin\api-ms-win-crt-process-l1-1-0.dll
Event: 0.306 Loaded shared library C:\Users\irene\IdeaProjects\BancoApp\oo\tareas\construccion\javafx-sdk-21.0.7\bin\api-ms-win-crt-runtime-l1-1-0.dll
Event: 0.308 Loaded shared library C:\Users\irene\IdeaProjects\BancoApp\oo\tareas\construccion\javafx-sdk-21.0.7\bin\api-ms-win-crt-stdio-l1-1-0.dll
Event: 0.311 Loaded shared library C:\Users\irene\IdeaProjects\BancoApp\oo\tareas\construccion\javafx-sdk-21.0.7\bin\api-ms-win-crt-string-l1-1-0.dll
Event: 0.312 Loaded shared library C:\Users\irene\IdeaProjects\BancoApp\oo\tareas\construccion\javafx-sdk-21.0.7\bin\api-ms-win-crt-time-l1-1-0.dll
Event: 0.314 Loaded shared library C:\Users\irene\IdeaProjects\BancoApp\oo\tareas\construccion\javafx-sdk-21.0.7\bin\api-ms-win-crt-utility-l1-1-0.dll
Event: 0.319 Loaded shared library C:\Users\irene\IdeaProjects\BancoApp\oo\tareas\construccion\javafx-sdk-21.0.7\bin\ucrtbase.dll
Event: 0.321 Loaded shared library C:\Users\irene\IdeaProjects\BancoApp\oo\tareas\construccion\javafx-sdk-21.0.7\bin\vcruntime140.dll
Event: 0.323 Loaded shared library C:\Users\irene\IdeaProjects\BancoApp\oo\tareas\construccion\javafx-sdk-21.0.7\bin\vcruntime140_1.dll
Event: 0.326 Loaded shared library C:\Users\irene\IdeaProjects\BancoApp\oo\tareas\construccion\javafx-sdk-21.0.7\bin\msvcp140.dll
Event: 0.329 Loaded shared library C:\Users\irene\IdeaProjects\BancoApp\oo\tareas\construccion\javafx-sdk-21.0.7\bin\msvcp140_1.dll
Event: 0.332 Loaded shared library C:\Users\irene\IdeaProjects\BancoApp\oo\tareas\construccion\javafx-sdk-21.0.7\bin\msvcp140_2.dll
Event: 0.371 Loaded shared library C:\Users\irene\IdeaProjects\BancoApp\oo\tareas\construccion\javafx-sdk-21.0.7\bin\prism_d3d.dll
Event: 0.372 Loaded shared library C:\Users\irene\.jdks\openjdk-22.0.2\bin\jimage.dll
Event: 0.403 Loaded shared library C:\Users\irene\.jdks\openjdk-22.0.2\bin\management.dll
Event: 0.421 Loaded shared library C:\Users\irene\.jdks\openjdk-22.0.2\bin\management_ext.dll
Event: 0.521 Loaded shared library C:\Users\irene\IdeaProjects\BancoApp\oo\tareas\construccion\javafx-sdk-21.0.7\bin\glass.dll
Event: 1.218 Loaded shared library C:\Users\irene\IdeaProjects\BancoApp\oo\tareas\construccion\javafx-sdk-21.0.7\bin\javafx_font.dll
Event: 12.754 Loaded shared library C:\Users\irene\.jdks\openjdk-22.0.2\bin\sunmscapi.dll

Deoptimization events (20 events):
Event: 38.122 Thread 0x000002c7c5de2620 DEOPT PACKING pc=0x000002c7eb342eb0 sp=0x000000ef148f89e0
Event: 38.122 Thread 0x000002c7c5de2620 DEOPT UNPACKING pc=0x000002c7eaa37da2 sp=0x000000ef148f8930 mode 2
Event: 38.146 Thread 0x000002c7c5de2620 DEOPT PACKING pc=0x000002c7e4534a52 sp=0x000000ef148f8a40
Event: 38.146 Thread 0x000002c7c5de2620 DEOPT UNPACKING pc=0x000002c7eaa388e2 sp=0x000000ef148f7f00 mode 0
Event: 42.599 Thread 0x000002c7d4b74510 Uncommon trap: trap_request=0xffffffc6 fr.pc=0x000002c7eb4474d8 relative=0x00000000000008f8
Event: 42.599 Thread 0x000002c7d4b74510 Uncommon trap: reason=bimorphic_or_optimized_type_check action=maybe_recompile pc=0x000002c7eb4474d8 method=java.util.HashMap.removeNode(ILjava/lang/Object;Ljava/lang/Object;ZZ)Ljava/util/HashMap$Node; @ 283 c2
Event: 42.599 Thread 0x000002c7d4b74510 DEOPT PACKING pc=0x000002c7eb4474d8 sp=0x000000ef182ff470
Event: 42.599 Thread 0x000002c7d4b74510 DEOPT UNPACKING pc=0x000002c7eaa37da2 sp=0x000000ef182ff378 mode 2
Event: 47.611 Thread 0x000002c7d4b74510 Uncommon trap: trap_request=0xffffffc6 fr.pc=0x000002c7eb4474d8 relative=0x00000000000008f8
Event: 47.611 Thread 0x000002c7d4b74510 Uncommon trap: reason=bimorphic_or_optimized_type_check action=maybe_recompile pc=0x000002c7eb4474d8 method=java.util.HashMap.removeNode(ILjava/lang/Object;Ljava/lang/Object;ZZ)Ljava/util/HashMap$Node; @ 283 c2
Event: 47.611 Thread 0x000002c7d4b74510 DEOPT PACKING pc=0x000002c7eb4474d8 sp=0x000000ef182ff470
Event: 47.611 Thread 0x000002c7d4b74510 DEOPT UNPACKING pc=0x000002c7eaa37da2 sp=0x000000ef182ff378 mode 2
Event: 83.370 Thread 0x000002c7d4b758c0 Uncommon trap: trap_request=0xffffff45 fr.pc=0x000002c7eb447430 relative=0x0000000000000850
Event: 83.370 Thread 0x000002c7d4b758c0 Uncommon trap: reason=unstable_if action=reinterpret pc=0x000002c7eb447430 method=java.util.HashMap.removeNode(ILjava/lang/Object;Ljava/lang/Object;ZZ)Ljava/util/HashMap$Node; @ 58 c2
Event: 83.370 Thread 0x000002c7d4b758c0 DEOPT PACKING pc=0x000002c7eb447430 sp=0x000000ef12bff130
Event: 83.370 Thread 0x000002c7d4b758c0 DEOPT UNPACKING pc=0x000002c7eaa37da2 sp=0x000000ef12bff038 mode 2
Event: 83.370 Thread 0x000002c7d4b758c0 Uncommon trap: trap_request=0xffffff45 fr.pc=0x000002c7eb448388 relative=0x0000000000000828
Event: 83.370 Thread 0x000002c7d4b758c0 Uncommon trap: reason=unstable_if action=reinterpret pc=0x000002c7eb448388 method=java.util.HashMap.removeNode(ILjava/lang/Object;Ljava/lang/Object;ZZ)Ljava/util/HashMap$Node; @ 58 c2
Event: 83.370 Thread 0x000002c7d4b758c0 DEOPT PACKING pc=0x000002c7eb448388 sp=0x000000ef12bff020
Event: 83.370 Thread 0x000002c7d4b758c0 DEOPT UNPACKING pc=0x000002c7eaa37da2 sp=0x000000ef12bfefc8 mode 2

Classes loaded (20 events):
Event: 37.698 Loading class java/util/zip/Deflater
Event: 37.698 Loading class java/util/zip/Deflater done
Event: 37.699 Loading class java/util/zip/Deflater$DeflaterZStreamRef
Event: 37.699 Loading class java/util/zip/Deflater$DeflaterZStreamRef done
Event: 38.115 Loading class sun/net/www/protocol/http/EmptyInputStream
Event: 38.115 Loading class sun/net/www/protocol/http/EmptyInputStream done
Event: 39.557 Loading class sun/net/www/http/KeepAliveStream
Event: 39.557 Loading class sun/net/www/MeteredStream
Event: 39.557 Loading class sun/net/www/MeteredStream done
Event: 39.557 Loading class sun/net/www/http/KeepAliveStream done
Event: 39.557 Loading class sun/net/www/http/KeepAliveStreamCleaner
Event: 39.558 Loading class sun/net/www/http/KeepAliveStreamCleaner done
Event: 39.559 Loading class sun/net/www/http/KeepAliveStreamCleaner$1
Event: 39.559 Loading class sun/net/www/http/KeepAliveStreamCleaner$1 done
Event: 39.559 Loading class sun/net/www/http/KeepAliveStreamCleaner$2
Event: 39.559 Loading class sun/net/www/http/KeepAliveStreamCleaner$2 done
Event: 83.368 Loading class jdk/internal/misc/Signal$1
Event: 83.369 Loading class jdk/internal/misc/Signal$1 done
Event: 83.371 Loading class java/io/FileOutputStream$1
Event: 83.371 Loading class java/io/FileOutputStream$1 done

Classes unloaded (0 events):
No events

Classes redefined (0 events):
No events

Internal exceptions (20 events):
Event: 1.615 Thread 0x000002c7c5de2620 Exception <a 'java/lang/NoSuchMethodError'{0x000000070db6b468}: 'long java.lang.invoke.DirectMethodHandle$Holder.invokeStatic(java.lang.Object, java.lang.Object, java.lang.Object)'> (0x000000070db6b468) 
thrown [s\open\src\hotspot\share\interpreter\linkResolver.cpp, line 774]
Event: 1.615 Thread 0x000002c7c5de2620 Exception <a 'java/lang/NoSuchMethodError'{0x000000070db6e838}: 'long java.lang.invoke.DirectMethodHandle$Holder.invokeStaticInit(java.lang.Object, java.lang.Object, java.lang.Object)'> (0x000000070db6e838) 
thrown [s\open\src\hotspot\share\interpreter\linkResolver.cpp, line 774]
Event: 1.617 Thread 0x000002c7c5de2620 Exception <a 'java/lang/NoSuchMethodError'{0x000000070d957ce8}: 'java.lang.Object java.lang.invoke.DirectMethodHandle$Holder.newInvokeSpecial(java.lang.Object, java.lang.Object, long)'> (0x000000070d957ce8) 
thrown [s\open\src\hotspot\share\interpreter\linkResolver.cpp, line 774]
Event: 12.577 Thread 0x000002c7c5de2620 Exception <a 'java/lang/NoSuchMethodError'{0x000000070d14ec40}: 'java.lang.Object java.lang.invoke.DirectMethodHandle$Holder.invokeVirtual(java.lang.Object, java.lang.Object, java.lang.Object)'> (0x000000070d14ec40) 
thrown [s\open\src\hotspot\share\interpreter\linkResolver.cpp, line 774]
Event: 12.697 Thread 0x000002c7c5de2620 Exception <a 'sun/nio/fs/WindowsException'{0x000000070cbd2030}> (0x000000070cbd2030) 
thrown [s\open\src\hotspot\share\prims\jni.cpp, line 520]
Event: 15.081 Thread 0x000002c7c54bdd30 Exception <a 'java/lang/NoSuchMethodError'{0x000000070ebc5940}: 'java.lang.Object java.lang.invoke.DirectMethodHandle$Holder.invokeStaticInit(java.lang.Object, int)'> (0x000000070ebc5940) 
thrown [s\open\src\hotspot\share\interpreter\linkResolver.cpp, line 774]
Event: 18.972 Thread 0x000002c7c5de2620 Exception <a 'java/lang/NoSuchMethodError'{0x000000070e44eaf0}: 'int java.lang.invoke.DirectMethodHandle$Holder.invokeVirtual(java.lang.Object, java.lang.Object)'> (0x000000070e44eaf0) 
thrown [s\open\src\hotspot\share\interpreter\linkResolver.cpp, line 774]
Event: 18.973 Thread 0x000002c7c5de2620 Exception <a 'java/lang/NoSuchMethodError'{0x000000070e4569b0}: 'void java.lang.invoke.DirectMethodHandle$Holder.invokeVirtual(java.lang.Object, java.lang.Object, int)'> (0x000000070e4569b0) 
thrown [s\open\src\hotspot\share\interpreter\linkResolver.cpp, line 774]
Event: 21.300 Thread 0x000002c7c5de2620 Implicit null exception at 0x000002c7eb47da86 to 0x000002c7eb47e648
Event: 21.300 Thread 0x000002c7c5de2620 Implicit null exception at 0x000002c7eb4d5aa6 to 0x000002c7eb4d6654
Event: 21.566 Thread 0x000002c7c5de2620 Implicit null exception at 0x000002c7eb1a1533 to 0x000002c7eb1a15a0
Event: 22.403 Thread 0x000002c7c5de2620 Implicit null exception at 0x000002c7eb2011e5 to 0x000002c7eb201478
Event: 34.548 Thread 0x000002c7c5de2620 Exception <a 'java/lang/NoSuchMethodError'{0x000000070e95e558}: 'double java.lang.invoke.DirectMethodHandle$Holder.invokeStatic(java.lang.Object, java.lang.Object)'> (0x000000070e95e558) 
thrown [s\open\src\hotspot\share\interpreter\linkResolver.cpp, line 774]
Event: 34.550 Thread 0x000002c7c5de2620 Exception <a 'java/lang/NoSuchMethodError'{0x000000070e9665b0}: 'void java.lang.invoke.DirectMethodHandle$Holder.invokeStatic(java.lang.Object, java.lang.Object, double)'> (0x000000070e9665b0) 
thrown [s\open\src\hotspot\share\interpreter\linkResolver.cpp, line 774]
Event: 35.931 Thread 0x000002c7c5de2620 Implicit null exception at 0x000002c7eb41b606 to 0x000002c7eb42190c
Event: 35.943 Thread 0x000002c7c5de2620 Implicit null exception at 0x000002c7eb4337f6 to 0x000002c7eb43b84c
Event: 35.944 Thread 0x000002c7c5de2620 Implicit null exception at 0x000002c7eb3cfcf8 to 0x000002c7eb3d7390
Event: 37.170 Thread 0x000002c7c5de2620 Implicit null exception at 0x000002c7eb163499 to 0x000002c7eb163530
Event: 37.341 Thread 0x000002c7c5de2620 Implicit null exception at 0x000002c7eb358dc4 to 0x000002c7eb3597e4
Event: 37.341 Thread 0x000002c7c5de2620 Implicit null exception at 0x000002c7eb4e19cd to 0x000002c7eb4e2a78

ZGC Phase Switch (0 events):
No events

VM Operations (20 events):
Event: 37.510 Executing VM operation: G1CollectForAllocation (G1 Evacuation Pause) done
Event: 37.514 Executing VM operation: HandshakeAllThreads (Deoptimize)
Event: 37.514 Executing VM operation: HandshakeAllThreads (Deoptimize) done
Event: 37.598 Executing VM operation: HandshakeAllThreads (Deoptimize)
Event: 37.598 Executing VM operation: HandshakeAllThreads (Deoptimize) done
Event: 38.598 Executing VM operation: Cleanup
Event: 38.598 Executing VM operation: Cleanup done
Event: 39.559 Executing VM operation: HandshakeAllThreads (Deoptimize)
Event: 39.559 Executing VM operation: HandshakeAllThreads (Deoptimize) done
Event: 40.558 Executing VM operation: Cleanup
Event: 40.558 Executing VM operation: Cleanup done
Event: 43.560 Executing VM operation: Cleanup
Event: 43.560 Executing VM operation: Cleanup done
Event: 45.561 Executing VM operation: Cleanup
Event: 45.562 Executing VM operation: Cleanup done
Event: 60.179 Executing VM operation: HandshakeAllThreads (HandshakeForDeflation)
Event: 60.179 Executing VM operation: HandshakeAllThreads (HandshakeForDeflation) done
Event: 60.179 Executing VM operation: RendezvousGCThreads
Event: 60.179 Executing VM operation: RendezvousGCThreads done
Event: 83.372 Executing VM operation: Exit

Memory protections (0 events):
No events

Nmethod flushes (20 events):
Event: 35.902 Thread 0x000002c7fa693d90 flushing  nmethod 0x000002c7e3d85590
Event: 35.902 Thread 0x000002c7fa693d90 flushing  nmethod 0x000002c7e3d85990
Event: 35.902 Thread 0x000002c7fa693d90 flushing  nmethod 0x000002c7e3d86210
Event: 35.902 Thread 0x000002c7fa693d90 flushing  nmethod 0x000002c7e3d86610
Event: 35.902 Thread 0x000002c7fa693d90 flushing  nmethod 0x000002c7e3d86a10
Event: 35.902 Thread 0x000002c7fa693d90 flushing  nmethod 0x000002c7e3d86f10
Event: 35.902 Thread 0x000002c7fa693d90 flushing  nmethod 0x000002c7e3d87510
Event: 35.902 Thread 0x000002c7fa693d90 flushing  nmethod 0x000002c7e3d87e90
Event: 35.902 Thread 0x000002c7fa693d90 flushing  nmethod 0x000002c7e3d88b10
Event: 35.902 Thread 0x000002c7fa693d90 flushing  nmethod 0x000002c7e3d8af10
Event: 35.902 Thread 0x000002c7fa693d90 flushing  nmethod 0x000002c7e3d8b310
Event: 35.902 Thread 0x000002c7fa693d90 flushing  nmethod 0x000002c7e3d8ba10
Event: 35.902 Thread 0x000002c7fa693d90 flushing  nmethod 0x000002c7e3d8c510
Event: 35.902 Thread 0x000002c7fa693d90 flushing  nmethod 0x000002c7e3d8ce10
Event: 35.902 Thread 0x000002c7fa693d90 flushing  nmethod 0x000002c7e3d8e090
Event: 35.902 Thread 0x000002c7fa693d90 flushing  nmethod 0x000002c7e3d8e710
Event: 35.902 Thread 0x000002c7fa693d90 flushing  nmethod 0x000002c7e3d8f390
Event: 35.902 Thread 0x000002c7fa693d90 flushing  nmethod 0x000002c7e3d8f890
Event: 35.902 Thread 0x000002c7fa693d90 flushing  nmethod 0x000002c7e3d8fd90
Event: 35.902 Thread 0x000002c7fa693d90 flushing  nmethod 0x000002c7e3ed4690

Events (20 events):
Event: 37.484 Thread 0x000002c7c5e36fc0 Thread added: 0x000002c7c5e37690
Event: 37.523 Thread 0x000002c7c5de2620 Thread added: 0x000002c7d4b74510
Event: 37.523 Thread 0x000002c7d4b74510 Thread exited: 0x000002c7d4b74510
Event: 37.597 Thread 0x000002c7c5de2620 Thread added: 0x000002c7d4b74510
Event: 37.697 Thread 0x000002c7c5de2620 Thread added: 0x000002c7d4b758c0
Event: 37.698 Thread 0x000002c7d4b758c0 Thread exited: 0x000002c7d4b758c0
Event: 38.115 Thread 0x000002c7c5e35b50 Thread exited: 0x000002c7c5e35b50
Event: 38.115 Thread 0x000002c7c5e391d0 Thread exited: 0x000002c7c5e391d0
Event: 38.681 Thread 0x000002c7c5e38b00 Thread exited: 0x000002c7c5e38b00
Event: 39.559 Thread 0x000002c7c5e37690 Thread exited: 0x000002c7c5e37690
Event: 39.560 Thread 0x000002c7c5e36fc0 Thread exited: 0x000002c7c5e36fc0
Event: 52.634 Thread 0x000002c7d4b74510 Thread exited: 0x000002c7d4b74510
Event: 83.369 Thread 0x000002c7fa6af410 Thread added: 0x000002c7d4b74510
Event: 83.369 Thread 0x000002c7d4b74510 Thread added: 0x000002c7d4b758c0
Event: 83.370 Thread 0x000002c7d4b74510 Thread added: 0x000002c7c5c8d490
Event: 83.370 Thread 0x000002c7d4b74510 Thread added: 0x000002c7c5c8c0e0
Event: 83.370 Thread 0x000002c7c5c8d490 Thread exited: 0x000002c7c5c8d490
Event: 83.371 Thread 0x000002c7c5c8c0e0 Thread exited: 0x000002c7c5c8c0e0
Event: 83.372 Thread 0x000002c7d4b758c0 Thread exited: 0x000002c7d4b758c0
Event: 83.372 Thread 0x000002c7d4b74510 Before exit entered


Dynamic libraries:
0x00007ff6a18b0000 - 0x00007ff6a18be000 	C:\Users\irene\.jdks\openjdk-22.0.2\bin\java.exe
0x00007fff8b500000 - 0x00007fff8b766000 	C:\WINDOWS\SYSTEM32\ntdll.dll
0x00007fff8a360000 - 0x00007fff8a429000 	C:\WINDOWS\System32\KERNEL32.DLL
0x00007fff88990000 - 0x00007fff88d5c000 	C:\WINDOWS\System32\KERNELBASE.dll
0x00007fff88690000 - 0x00007fff887db000 	C:\WINDOWS\System32\ucrtbase.dll
0x00007fff84b00000 - 0x00007fff84b17000 	C:\Users\irene\.jdks\openjdk-22.0.2\bin\jli.dll
0x00007fff816a0000 - 0x00007fff816bb000 	C:\Users\irene\.jdks\openjdk-22.0.2\bin\VCRUNTIME140.dll
0x00007fff89540000 - 0x00007fff8970a000 	C:\WINDOWS\System32\USER32.dll
0x00007fff67310000 - 0x00007fff675aa000 	C:\WINDOWS\WinSxS\amd64_microsoft.windows.common-controls_6595b64144ccf1df_6.0.26100.3912_none_3e07963ce335137e\COMCTL32.dll
0x00007fff88960000 - 0x00007fff88987000 	C:\WINDOWS\System32\win32u.dll
0x00007fff8a8e0000 - 0x00007fff8a989000 	C:\WINDOWS\System32\msvcrt.dll
0x00007fff8abe0000 - 0x00007fff8ac0b000 	C:\WINDOWS\System32\GDI32.dll
0x00007fff88e10000 - 0x00007fff88f42000 	C:\WINDOWS\System32\gdi32full.dll
0x00007fff88d60000 - 0x00007fff88e03000 	C:\WINDOWS\System32\msvcp_win.dll
0x00007fff89500000 - 0x00007fff89530000 	C:\WINDOWS\System32\IMM32.DLL
0x00007fff83620000 - 0x00007fff8362c000 	C:\Users\irene\.jdks\openjdk-22.0.2\bin\vcruntime140_1.dll
0x00007fff65a30000 - 0x00007fff65abe000 	C:\Users\irene\.jdks\openjdk-22.0.2\bin\msvcp140.dll
0x00007ffe75100000 - 0x00007ffe75e49000 	C:\Users\irene\.jdks\openjdk-22.0.2\bin\server\jvm.dll
0x00007fff8a990000 - 0x00007fff8aa42000 	C:\WINDOWS\System32\ADVAPI32.dll
0x00007fff89ba0000 - 0x00007fff89c46000 	C:\WINDOWS\System32\sechost.dll
0x00007fff89eb0000 - 0x00007fff89fc6000 	C:\WINDOWS\System32\RPCRT4.dll
0x00007fff89c50000 - 0x00007fff89cc4000 	C:\WINDOWS\System32\WS2_32.dll
0x00007fff884e0000 - 0x00007fff8853e000 	C:\WINDOWS\SYSTEM32\POWRPROF.dll
0x00007fff80990000 - 0x00007fff8099b000 	C:\WINDOWS\SYSTEM32\VERSION.dll
0x00007fff7e590000 - 0x00007fff7e5c6000 	C:\WINDOWS\SYSTEM32\WINMM.dll
0x00007fff884c0000 - 0x00007fff884d4000 	C:\WINDOWS\SYSTEM32\UMPDC.dll
0x00007fff87450000 - 0x00007fff8746a000 	C:\WINDOWS\SYSTEM32\kernel.appcore.dll
0x00007fff81480000 - 0x00007fff8148a000 	C:\Users\irene\.jdks\openjdk-22.0.2\bin\jimage.dll
0x00007fff7fb30000 - 0x00007fff7fd71000 	C:\WINDOWS\SYSTEM32\DBGHELP.DLL
0x00007fff89fd0000 - 0x00007fff8a354000 	C:\WINDOWS\System32\combase.dll
0x00007fff8ac40000 - 0x00007fff8ad20000 	C:\WINDOWS\System32\OLEAUT32.dll
0x00007fff6be90000 - 0x00007fff6bec9000 	C:\WINDOWS\SYSTEM32\dbgcore.DLL
0x00007fff89160000 - 0x00007fff891f9000 	C:\WINDOWS\System32\bcryptPrimitives.dll
0x00007fff813c0000 - 0x00007fff813cf000 	C:\Users\irene\.jdks\openjdk-22.0.2\bin\instrument.dll
0x00007fff76e10000 - 0x00007fff76e2e000 	C:\Users\irene\.jdks\openjdk-22.0.2\bin\java.dll
0x00007fff8ad30000 - 0x00007fff8b45d000 	C:\WINDOWS\System32\SHELL32.dll
0x00007fff887e0000 - 0x00007fff88954000 	C:\WINDOWS\System32\wintypes.dll
0x00007fff8a730000 - 0x00007fff8a8cf000 	C:\WINDOWS\System32\ole32.dll
0x00007fff86300000 - 0x00007fff86b56000 	C:\WINDOWS\SYSTEM32\windows.storage.dll
0x00007fff8a630000 - 0x00007fff8a71f000 	C:\WINDOWS\System32\SHCORE.dll
0x00007fff8a5a0000 - 0x00007fff8a609000 	C:\WINDOWS\System32\shlwapi.dll
0x00007fff885a0000 - 0x00007fff885cf000 	C:\WINDOWS\SYSTEM32\profapi.dll
0x00007fff644b0000 - 0x00007fff64587000 	C:\Users\irene\.jdks\openjdk-22.0.2\bin\jsvml.dll
0x00007fff813b0000 - 0x00007fff813c0000 	C:\Users\irene\.jdks\openjdk-22.0.2\bin\net.dll
0x00007fff879c0000 - 0x00007fff87a2a000 	C:\WINDOWS\system32\mswsock.dll
0x00007fff76ce0000 - 0x00007fff76cf6000 	C:\Users\irene\.jdks\openjdk-22.0.2\bin\nio.dll
0x00007fff6ffa0000 - 0x00007fff6ffb7000 	C:\Users\irene\.jdks\openjdk-22.0.2\bin\zip.dll
0x00007fff69e10000 - 0x00007fff69e2a000 	C:\Users\irene\AppData\Local\JetBrains\IntelliJ IDEA 2024.2.1\bin\breakgen64.dll
0x00007fff77c00000 - 0x00007fff77c09000 	C:\Users\irene\.jdks\openjdk-22.0.2\bin\extnet.dll
0x000002c7c6d20000 - 0x000002c7c6d23000 	C:\Users\irene\IdeaProjects\BancoApp\oo\tareas\construccion\javafx-sdk-21.0.7\bin\api-ms-win-core-console-l1-1-0.dll
0x000002c7c6d30000 - 0x000002c7c6d33000 	C:\Users\irene\IdeaProjects\BancoApp\oo\tareas\construccion\javafx-sdk-21.0.7\bin\api-ms-win-core-console-l1-2-0.dll
0x000002c7c6d40000 - 0x000002c7c6d43000 	C:\Users\irene\IdeaProjects\BancoApp\oo\tareas\construccion\javafx-sdk-21.0.7\bin\api-ms-win-core-datetime-l1-1-0.dll
0x000002c7c6d50000 - 0x000002c7c6d53000 	C:\Users\irene\IdeaProjects\BancoApp\oo\tareas\construccion\javafx-sdk-21.0.7\bin\api-ms-win-core-debug-l1-1-0.dll
0x000002c7c70c0000 - 0x000002c7c70c3000 	C:\Users\irene\IdeaProjects\BancoApp\oo\tareas\construccion\javafx-sdk-21.0.7\bin\api-ms-win-core-errorhandling-l1-1-0.dll
0x000002c7c70d0000 - 0x000002c7c70d4000 	C:\Users\irene\IdeaProjects\BancoApp\oo\tareas\construccion\javafx-sdk-21.0.7\bin\api-ms-win-core-file-l1-1-0.dll
0x000002c7c70e0000 - 0x000002c7c70e3000 	C:\Users\irene\IdeaProjects\BancoApp\oo\tareas\construccion\javafx-sdk-21.0.7\bin\api-ms-win-core-file-l1-2-0.dll
0x000002c7c70f0000 - 0x000002c7c70f3000 	C:\Users\irene\IdeaProjects\BancoApp\oo\tareas\construccion\javafx-sdk-21.0.7\bin\api-ms-win-core-file-l2-1-0.dll
0x000002c7c6d60000 - 0x000002c7c6d63000 	C:\Users\irene\IdeaProjects\BancoApp\oo\tareas\construccion\javafx-sdk-21.0.7\bin\api-ms-win-core-handle-l1-1-0.dll
0x000002c7c6d70000 - 0x000002c7c6d73000 	C:\Users\irene\IdeaProjects\BancoApp\oo\tareas\construccion\javafx-sdk-21.0.7\bin\api-ms-win-core-heap-l1-1-0.dll
0x000002c7c6d80000 - 0x000002c7c6d83000 	C:\Users\irene\IdeaProjects\BancoApp\oo\tareas\construccion\javafx-sdk-21.0.7\bin\api-ms-win-core-interlocked-l1-1-0.dll
0x000002c7c6d90000 - 0x000002c7c6d93000 	C:\Users\irene\IdeaProjects\BancoApp\oo\tareas\construccion\javafx-sdk-21.0.7\bin\api-ms-win-core-libraryloader-l1-1-0.dll
0x000002c7c6da0000 - 0x000002c7c6da3000 	C:\Users\irene\IdeaProjects\BancoApp\oo\tareas\construccion\javafx-sdk-21.0.7\bin\api-ms-win-core-localization-l1-2-0.dll
0x000002c7c6db0000 - 0x000002c7c6db3000 	C:\Users\irene\IdeaProjects\BancoApp\oo\tareas\construccion\javafx-sdk-21.0.7\bin\api-ms-win-core-memory-l1-1-0.dll
0x000002c7c6dc0000 - 0x000002c7c6dc3000 	C:\Users\irene\IdeaProjects\BancoApp\oo\tareas\construccion\javafx-sdk-21.0.7\bin\api-ms-win-core-namedpipe-l1-1-0.dll
0x000002c7c6dd0000 - 0x000002c7c6dd3000 	C:\Users\irene\IdeaProjects\BancoApp\oo\tareas\construccion\javafx-sdk-21.0.7\bin\api-ms-win-core-processenvironment-l1-1-0.dll
0x000002c7c6de0000 - 0x000002c7c6de3000 	C:\Users\irene\IdeaProjects\BancoApp\oo\tareas\construccion\javafx-sdk-21.0.7\bin\api-ms-win-core-processthreads-l1-1-0.dll
0x000002c7c6df0000 - 0x000002c7c6df3000 	C:\Users\irene\IdeaProjects\BancoApp\oo\tareas\construccion\javafx-sdk-21.0.7\bin\api-ms-win-core-processthreads-l1-1-1.dll
0x000002c7c6e00000 - 0x000002c7c6e03000 	C:\Users\irene\IdeaProjects\BancoApp\oo\tareas\construccion\javafx-sdk-21.0.7\bin\api-ms-win-core-profile-l1-1-0.dll
0x000002c7c6e10000 - 0x000002c7c6e13000 	C:\Users\irene\IdeaProjects\BancoApp\oo\tareas\construccion\javafx-sdk-21.0.7\bin\api-ms-win-core-rtlsupport-l1-1-0.dll
0x000002c7c6e20000 - 0x000002c7c6e23000 	C:\Users\irene\IdeaProjects\BancoApp\oo\tareas\construccion\javafx-sdk-21.0.7\bin\api-ms-win-core-string-l1-1-0.dll
0x000002c7c6e30000 - 0x000002c7c6e33000 	C:\Users\irene\IdeaProjects\BancoApp\oo\tareas\construccion\javafx-sdk-21.0.7\bin\api-ms-win-core-synch-l1-1-0.dll
0x000002c7c6e40000 - 0x000002c7c6e43000 	C:\Users\irene\IdeaProjects\BancoApp\oo\tareas\construccion\javafx-sdk-21.0.7\bin\api-ms-win-core-synch-l1-2-0.dll
0x000002c7c6e50000 - 0x000002c7c6e53000 	C:\Users\irene\IdeaProjects\BancoApp\oo\tareas\construccion\javafx-sdk-21.0.7\bin\api-ms-win-core-sysinfo-l1-1-0.dll
0x000002c7c6f90000 - 0x000002c7c6f93000 	C:\Users\irene\IdeaProjects\BancoApp\oo\tareas\construccion\javafx-sdk-21.0.7\bin\api-ms-win-core-timezone-l1-1-0.dll
0x000002c7c6fa0000 - 0x000002c7c6fa3000 	C:\Users\irene\IdeaProjects\BancoApp\oo\tareas\construccion\javafx-sdk-21.0.7\bin\api-ms-win-core-util-l1-1-0.dll
0x000002c7c6fb0000 - 0x000002c7c6fb3000 	C:\Users\irene\IdeaProjects\BancoApp\oo\tareas\construccion\javafx-sdk-21.0.7\bin\api-ms-win-crt-conio-l1-1-0.dll
0x000002c7c6fc0000 - 0x000002c7c6fc4000 	C:\Users\irene\IdeaProjects\BancoApp\oo\tareas\construccion\javafx-sdk-21.0.7\bin\api-ms-win-crt-convert-l1-1-0.dll
0x000002c7c6fd0000 - 0x000002c7c6fd3000 	C:\Users\irene\IdeaProjects\BancoApp\oo\tareas\construccion\javafx-sdk-21.0.7\bin\api-ms-win-crt-environment-l1-1-0.dll
0x000002c7c6fe0000 - 0x000002c7c6fe3000 	C:\Users\irene\IdeaProjects\BancoApp\oo\tareas\construccion\javafx-sdk-21.0.7\bin\api-ms-win-crt-filesystem-l1-1-0.dll
0x000002c7c6ff0000 - 0x000002c7c6ff3000 	C:\Users\irene\IdeaProjects\BancoApp\oo\tareas\construccion\javafx-sdk-21.0.7\bin\api-ms-win-crt-heap-l1-1-0.dll
0x000002c7c7000000 - 0x000002c7c7003000 	C:\Users\irene\IdeaProjects\BancoApp\oo\tareas\construccion\javafx-sdk-21.0.7\bin\api-ms-win-crt-locale-l1-1-0.dll
0x000002c7c7010000 - 0x000002c7c7015000 	C:\Users\irene\IdeaProjects\BancoApp\oo\tareas\construccion\javafx-sdk-21.0.7\bin\api-ms-win-crt-math-l1-1-0.dll
0x000002c7c6f70000 - 0x000002c7c6f75000 	C:\Users\irene\IdeaProjects\BancoApp\oo\tareas\construccion\javafx-sdk-21.0.7\bin\api-ms-win-crt-multibyte-l1-1-0.dll
0x000002c7c6f80000 - 0x000002c7c6f90000 	C:\Users\irene\IdeaProjects\BancoApp\oo\tareas\construccion\javafx-sdk-21.0.7\bin\api-ms-win-crt-private-l1-1-0.dll
0x000002c7c7020000 - 0x000002c7c7023000 	C:\Users\irene\IdeaProjects\BancoApp\oo\tareas\construccion\javafx-sdk-21.0.7\bin\api-ms-win-crt-process-l1-1-0.dll
0x000002c7c7030000 - 0x000002c7c7034000 	C:\Users\irene\IdeaProjects\BancoApp\oo\tareas\construccion\javafx-sdk-21.0.7\bin\api-ms-win-crt-runtime-l1-1-0.dll
0x000002c7c7040000 - 0x000002c7c7044000 	C:\Users\irene\IdeaProjects\BancoApp\oo\tareas\construccion\javafx-sdk-21.0.7\bin\api-ms-win-crt-stdio-l1-1-0.dll
0x000002c7c7050000 - 0x000002c7c7054000 	C:\Users\irene\IdeaProjects\BancoApp\oo\tareas\construccion\javafx-sdk-21.0.7\bin\api-ms-win-crt-string-l1-1-0.dll
0x000002c7c7060000 - 0x000002c7c7063000 	C:\Users\irene\IdeaProjects\BancoApp\oo\tareas\construccion\javafx-sdk-21.0.7\bin\api-ms-win-crt-time-l1-1-0.dll
0x000002c7c7070000 - 0x000002c7c7073000 	C:\Users\irene\IdeaProjects\BancoApp\oo\tareas\construccion\javafx-sdk-21.0.7\bin\api-ms-win-crt-utility-l1-1-0.dll
0x00007fff530d0000 - 0x00007fff531cc000 	C:\Users\irene\IdeaProjects\BancoApp\oo\tareas\construccion\javafx-sdk-21.0.7\bin\ucrtbase.dll
0x00007fff69db0000 - 0x00007fff69dcb000 	C:\Users\irene\IdeaProjects\BancoApp\oo\tareas\construccion\javafx-sdk-21.0.7\bin\vcruntime140.dll
0x00007fff6dae0000 - 0x00007fff6daec000 	C:\Users\irene\IdeaProjects\BancoApp\oo\tareas\construccion\javafx-sdk-21.0.7\bin\vcruntime140_1.dll
0x00007fff53040000 - 0x00007fff530ce000 	C:\Users\irene\IdeaProjects\BancoApp\oo\tareas\construccion\javafx-sdk-21.0.7\bin\msvcp140.dll
0x00007fff6a440000 - 0x00007fff6a449000 	C:\Users\irene\IdeaProjects\BancoApp\oo\tareas\construccion\javafx-sdk-21.0.7\bin\msvcp140_1.dll
0x00007fff63f20000 - 0x00007fff63f61000 	C:\Users\irene\IdeaProjects\BancoApp\oo\tareas\construccion\javafx-sdk-21.0.7\bin\msvcp140_2.dll
0x00007fff69270000 - 0x00007fff692a0000 	C:\Users\irene\IdeaProjects\BancoApp\oo\tareas\construccion\javafx-sdk-21.0.7\bin\prism_d3d.dll
0x00007fff4ade0000 - 0x00007fff4af95000 	C:\WINDOWS\system32\d3d9.dll
0x00007fff85bd0000 - 0x00007fff85c06000 	C:\WINDOWS\SYSTEM32\dwmapi.dll
0x00007fff85c40000 - 0x00007fff85c87000 	C:\WINDOWS\SYSTEM32\dxcore.dll
0x00007fff857c0000 - 0x00007fff8586f000 	C:\WINDOWS\system32\uxtheme.dll
0x00007fff13c60000 - 0x00007fff174a4000 	C:\WINDOWS\System32\DriverStore\FileRepository\u0407384.inf_amd64_0112cfe002b7b957\B406074\AMDXN64.DLL
0x00007fff89710000 - 0x00007fff89b96000 	C:\WINDOWS\System32\SETUPAPI.dll
0x00007fff86f60000 - 0x00007fff87087000 	C:\WINDOWS\SYSTEM32\DNSAPI.dll
0x00007fff86f20000 - 0x00007fff86f53000 	C:\WINDOWS\SYSTEM32\IPHLPAPI.DLL
0x00007fff892c0000 - 0x00007fff892ca000 	C:\WINDOWS\System32\NSI.dll
0x00007fff81f60000 - 0x00007fff81f6b000 	C:\Windows\System32\rasadhlp.dll
0x00007fff82f10000 - 0x00007fff82f96000 	C:\WINDOWS\System32\fwpuclnt.dll
0x00007fff71030000 - 0x00007fff7103a000 	C:\Users\irene\.jdks\openjdk-22.0.2\bin\management.dll
0x00007fff85a70000 - 0x00007fff85ba3000 	C:\WINDOWS\SYSTEM32\dxgi.dll
0x00007fff85a00000 - 0x00007fff85a60000 	C:\WINDOWS\SYSTEM32\directxdatabasehelper.dll
0x00007fff88250000 - 0x00007fff882a7000 	C:\WINDOWS\SYSTEM32\cfgmgr32.dll
0x00007fff70b20000 - 0x00007fff70b2b000 	C:\Users\irene\.jdks\openjdk-22.0.2\bin\management_ext.dll
0x00007fff8a620000 - 0x00007fff8a628000 	C:\WINDOWS\System32\PSAPI.DLL
0x00007fff88570000 - 0x00007fff88596000 	C:\WINDOWS\SYSTEM32\BCrypt.dll
0x00007fff78ef0000 - 0x00007fff78f27000 	C:\WINDOWS\System32\DriverStore\FileRepository\u0407384.inf_amd64_0112cfe002b7b957\B406074\amdihk64.dll
0x00007fff60260000 - 0x00007fff602a2000 	C:\Users\irene\IdeaProjects\BancoApp\oo\tareas\construccion\javafx-sdk-21.0.7\bin\glass.dll
0x00007fff893a0000 - 0x00007fff89494000 	C:\WINDOWS\System32\COMDLG32.dll
0x00007fff8a430000 - 0x00007fff8a58f000 	C:\WINDOWS\System32\MSCTF.dll
0x00007fff87c70000 - 0x00007fff87c8c000 	C:\WINDOWS\SYSTEM32\CRYPTSP.dll
0x00007fff873b0000 - 0x00007fff873ea000 	C:\WINDOWS\system32\rsaenh.dll
0x00007fff87a60000 - 0x00007fff87a8b000 	C:\WINDOWS\SYSTEM32\USERENV.dll
0x00007fff87c60000 - 0x00007fff87c6c000 	C:\WINDOWS\SYSTEM32\CRYPTBASE.dll
0x00007fff6ad90000 - 0x00007fff6ada8000 	C:\WINDOWS\system32\napinsp.dll
0x00007fff6ad70000 - 0x00007fff6ad82000 	C:\WINDOWS\System32\winrnr.dll
0x00007fff6a720000 - 0x00007fff6a750000 	C:\WINDOWS\system32\nlansp_c.dll
0x00007fff6a6f0000 - 0x00007fff6a710000 	C:\WINDOWS\system32\wshbth.dll
0x00007fff85630000 - 0x00007fff8567e000 	C:\WINDOWS\SYSTEM32\pdh.dll

dbghelp: loaded successfully - version: 4.0.5 - missing functions: none
symbol engine: initialized successfully - sym options: 0x614 - pdb path: .;C:\Users\irene\.jdks\openjdk-22.0.2\bin;C:\WINDOWS\SYSTEM32;C:\WINDOWS\WinSxS\amd64_microsoft.windows.common-controls_6595b64144ccf1df_6.0.26100.3912_none_3e07963ce335137e;C:\Users\irene\.jdks\openjdk-22.0.2\bin\server;C:\Users\irene\AppData\Local\JetBrains\IntelliJ IDEA 2024.2.1\bin;C:\Users\irene\IdeaProjects\BancoApp\oo\tareas\construccion\javafx-sdk-21.0.7\bin;C:\WINDOWS\System32\DriverStore\FileRepository\u0407384.inf_amd64_0112cfe002b7b957\B406074;C:\Program Files\Common Files\Microsoft Shared\Ink;C:\WINDOWS\WinSxS\amd64_microsoft.windows.gdiplus_6595b64144ccf1df_1.1.26100.4061_none_6ef7a4863dc2ecac;C:\Program Files\Microsoft OneDrive\25.091.0512.0001

VM Arguments:
jvm_args: --module-path=C:\Users\irene\IdeaProjects\BancoApp\oo\tareas\construccion\javafx-sdk-21.0.7\lib --add-modules=javafx.controls,javafx.fxml -javaagent:C:\Users\irene\AppData\Local\JetBrains\IntelliJ IDEA 2024.2.1\lib\idea_rt.jar=56179:C:\Users\irene\AppData\Local\JetBrains\IntelliJ IDEA 2024.2.1\bin -Dfile.encoding=UTF-8 -Dsun.stdout.encoding=UTF-8 -Dsun.stderr.encoding=UTF-8 
java_command: TestInicioSesionGUI
java_class_path (initial): C:\Users\irene\IdeaProjects\BancoApp\oo\tareas\poo\proyecto-construccion-Maven\target\test-classes;C:\Users\irene\IdeaProjects\BancoApp\oo\tareas\poo\proyecto-construccion-Maven\target\classes;C:\Users\irene\.m2\repository\com\mysql\mysql-connector-j\8.0.33\mysql-connector-j-8.0.33.jar;C:\Users\irene\.m2\repository\com\google\protobuf\protobuf-java\3.21.9\protobuf-java-3.21.9.jar;C:\Users\irene\.m2\repository\com\google\apis\google-api-services-drive\v3-rev20230815-2.0.0\google-api-services-drive-v3-rev20230815-2.0.0.jar;C:\Users\irene\.m2\repository\com\google\api-client\google-api-client\2.2.0\google-api-client-2.2.0.jar;C:\Users\irene\.m2\repository\commons-codec\commons-codec\1.15\commons-codec-1.15.jar;C:\Users\irene\.m2\repository\com\google\oauth-client\google-oauth-client\1.34.1\google-oauth-client-1.34.1.jar;C:\Users\irene\.m2\repository\com\google\http-client\google-http-client-apache-v2\1.42.3\google-http-client-apache-v2-1.42.3.jar;C:\Users\irene\.m2\repository\org\apache\httpcomponents\httpcore\4.4.16\httpcore-4.4.16.jar;C:\Users\irene\.m2\repository\org\apache\httpcomponents\httpclient\4.5.14\httpclient-4.5.14.jar;C:\Users\irene\.m2\repository\commons-logging\commons-logging\1.2\commons-logging-1.2.jar;C:\Users\irene\.m2\repository\com\google\auth\google-auth-library-oauth2-http\1.23.0\google-auth-library-oauth2-http-1.23.0.jar;C:\Users\irene\.m2\repository\com\google\auto\value\auto-value-annotations\1.10.4\auto-value-annotations-1.10.4.jar;C:\Users\irene\.m2\repository\com\google\code\findbugs\jsr305\3.0.2\jsr305-3.0.2.jar;C:\Users\irene\.m2\repository\com\google\auth\google-auth-library-credentials\1.23.0\google-auth-library-credentials-1.23.0.jar;C:\Users\irene\.m2\repository\com\google\http-client\google-http-client\1.43.3\google-http-client-1.43.3.jar;C:\Users\irene\.m2\repository\com\google\j2objc\j2objc-annotations\2.8\j2objc-annotations-2.8.jar;C:\Users\irene\.m2\repository\io\opencensus\opencensus-api\0.31.1\opencensus-api-0.31.1.jar;C:\Users\irene\.m2\repository\io\grpc\grpc-context\1.27.2\grpc-context-1.27.2.jar;C:\Users\irene\.m2\repository\io\opencensus\opencensus-contrib-http-util\0.31.1\opencensus-contrib-http-util-0.31.1.jar;C:\Users\irene\.m2\repository\com\google\http-client\google-http-client-gson\1.43.3\google-http-client-gson-1.43.3.jar;C:\Users\irene\.m2\repository\com\google\code\gson\gson\2.10.1\gson-2.10.1.jar;C:\Users\irene\.m2\repository\com\google\guava\guava\32.0.0-android\guava-32.0.0-android.jar;C:\Users\irene\.m2\repository\com\google\guava\failureaccess\1.0.1\failureaccess-1.0.1.jar;C:\Users\irene\.m2\repository\com\google\guava\listenablefuture\9999.0-empty-to-avoid-conflict-with-guava\listenablefuture-9999.0-empty-to-avoid-conflict-with-guava.jar;C:\Users\irene\.m2\repository\org\checkerframework\checker-qual\3.33.0\checker-qual-3.33.0.jar;C:\Users\irene\.m2\repository\com\google\errorprone\error_prone_annotations\2.18.0\error_prone_annotations-2.18.0.jar;C:\Users\irene\.m2\repository\org\apache\logging\log4j\log4j-core\2.20.0\log4j-core-2.20.0.jar;C:\Users\irene\.m2\repository\org\apache\logging\log4j\log4j-api\2.20.0\log4j-api-2.20.0.jar;C:\Users\irene\.m2\repository\org\openjfx\javafx-controls\21\javafx-controls-21.jar;C:\Users\irene\.m2\repository\org\openjfx\javafx-controls\21\javafx-controls-21-win.jar;C:\Users\irene\.m2\repository\org\openjfx\javafx-graphics\21\javafx-graphics-21.jar;C:\Users\irene\.m2\repository\org\openjfx\javafx-graphics\21\javafx-graphics-21-win.jar;C:\Users\irene\.m2\repository\org\openjfx\javafx-base\21\javafx-base-21.jar;C:\Users\irene\.m2\repository\org\openjfx\javafx-base\21\javafx-base-21-win.jar;C:\Users\irene\.m2\repository\org\openjfx\javafx-fxml\21\javafx-fxml-21.jar;C:\Users\irene\.m2\repository\org\openjfx\javafx-fxml\21\javafx-fxml-21-win.jar;C:\Users\irene\.m2\repository\org\junit\jupiter\junit-jupiter\5.10.2\junit-jupiter-5.10.2.jar;C:\Users\irene\.m2\repository\org\junit\jupiter\junit-jupiter-api\5.10.2\junit-jupiter-api-5.10.2.jar;C:\Users\irene\.m2\repository\org\opentest4j\opentest4j\1.3.0\opentest4j-1.3.0.jar;C:\Users\irene\.m2\repository\org\junit\platform\junit-platform-commons\1.10.2\junit-platform-commons-1.10.2.jar;C:\Users\irene\.m2\repository\org\apiguardian\apiguardian-api\1.1.2\apiguardian-api-1.1.2.jar;C:\Users\irene\.m2\repository\org\junit\jupiter\junit-jupiter-params\5.10.2\junit-jupiter-params-5.10.2.jar;C:\Users\irene\.m2\repository\org\junit\jupiter\junit-jupiter-engine\5.10.2\junit-jupiter-engine-5.10.2.jar;C:\Users\irene\.m2\repository\org\junit\platform\junit-platform-engine\1.10.2\junit-platform-engine-1.10.2.jar
Launcher Type: SUN_STANDARD

[Global flags]
     intx CICompilerCount                          = 12                                        {product} {ergonomic}
     uint ConcGCThreads                            = 3                                         {product} {ergonomic}
     uint G1ConcRefinementThreads                  = 13                                        {product} {ergonomic}
   size_t G1HeapRegionSize                         = 2097152                                   {product} {ergonomic}
   size_t InitialHeapSize                          = 257949696                                 {product} {ergonomic}
   size_t MarkStackSize                            = 4194304                                   {product} {ergonomic}
   size_t MaxHeapSize                              = 4097835008                                {product} {ergonomic}
   size_t MaxNewSize                               = 2457862144                                {product} {ergonomic}
   size_t MinHeapDeltaBytes                        = 2097152                                   {product} {ergonomic}
   size_t MinHeapSize                              = 8388608                                   {product} {ergonomic}
    uintx NonNMethodCodeHeapSize                   = 7602480                                {pd product} {ergonomic}
    uintx NonProfiledCodeHeapSize                  = 122027880                              {pd product} {ergonomic}
    uintx ProfiledCodeHeapSize                     = 122027880                              {pd product} {ergonomic}
    uintx ReservedCodeCacheSize                    = 251658240                              {pd product} {ergonomic}
     bool SegmentedCodeCache                       = true                                      {product} {ergonomic}
   size_t SoftMaxHeapSize                          = 4097835008                             {manageable} {ergonomic}
     bool UseCompressedOops                        = true                           {product lp64_product} {ergonomic}
     bool UseG1GC                                  = true                                      {product} {ergonomic}
     bool UseLargePagesIndividualAllocation        = false                                  {pd product} {ergonomic}

Logging:
Log output configuration:
 #0: stdout all=off uptime,level,tags foldmultilines=false
 #1: stderr all=off uptime,level,tags foldmultilines=false

Environment Variables:
PATH=C:\windows\system32;C:\windows;C:\windows\System32\Wbem;C:\windows\System32\WindowsPowerShell\v1.0\;C:\windows\System32\OpenSSH\;C:\Program Files (x86)\NVIDIA Corporation\PhysX\Common;C:\Program Files\NVIDIA Corporation\NVIDIA NvDLISR;C:\Users\Administrator\AppData\Local\Microsoft\WindowsApps;C:\Program Files\HP\OMEN-Broadcast\Common;C:\Program Files\HP\HP One Agent;C:\Program Files (x86)\Gpg4win\..\GnuPG\bin;C:\Program Files\MySQL\MySQL Server 8.0\bin;C:\WINDOWS\system32;C:\WINDOWS;C:\WINDOWS\System32\Wbem;C:\WINDOWS\System32\WindowsPowerShell\v1.0\;C:\WINDOWS\System32\OpenSSH\;C:\Program Files\Git\cmd;C:\Users\irene\AppData\Local\Programs\Python\Launcher\;C:\Program Files\MySQL\MySQL Shell 8.0\bin\;C:\Users\irene\AppData\Local\Microsoft\WindowsApps;C:\Program Files\JetBrains\CLion 2024.3.5\bin;;C:\Program Files\MySQL\MySQL Server 8.0\bin;
USERNAME=irene
OS=Windows_NT
PROCESSOR_IDENTIFIER=AMD64 Family 25 Model 117 Stepping 2, AuthenticAMD
TMP=C:\Users\irene\AppData\Local\Temp
TEMP=C:\Users\irene\AppData\Local\Temp




Periodic native trim disabled

---------------  S Y S T E M  ---------------

OS:
 Windows 11 , 64 bit Build 26100 (10.0.26100.3912)
OS uptime: 19 days 15:55 hours
Hyper-V role detected

CPU: total 16 (initial active 16) (16 cores per cpu, 2 threads per core) family 25 model 117 stepping 2 microcode 0xa705205, cx8, cmov, fxsr, ht, mmx, 3dnowpref, sse, sse2, sse3, ssse3, sse4a, sse4.1, sse4.2, popcnt, lzcnt, tsc, tscinvbit, avx, avx2, aes, erms, clmul, bmi1, bmi2, adx, avx512f, avx512dq, avx512cd, avx512bw, avx512vl, sha, fma, vzeroupper, avx512_vpopcntdq, avx512_vpclmulqdq, avx512_vaes, avx512_vnni, clflush, clflushopt, avx512_vbmi2, avx512_vbmi, hv, rdtscp, rdpid, fsrm, gfni, avx512_bitalg, f16c, cet_ss, avx512_ifma
Processor Information for processor 0
  Max Mhz: 3801, Current Mhz: 3040, Mhz Limit: 3801
Processor Information for processor 1
  Max Mhz: 3801, Current Mhz: 3040, Mhz Limit: 3801
Processor Information for processor 2
  Max Mhz: 3801, Current Mhz: 3040, Mhz Limit: 3801
Processor Information for processor 3
  Max Mhz: 3801, Current Mhz: 3801, Mhz Limit: 3801
Processor Information for processor 4
  Max Mhz: 3801, Current Mhz: 3040, Mhz Limit: 3801
Processor Information for processor 5
  Max Mhz: 3801, Current Mhz: 3040, Mhz Limit: 3801
Processor Information for processor 6
  Max Mhz: 3801, Current Mhz: 3040, Mhz Limit: 3801
Processor Information for processor 7
  Max Mhz: 3801, Current Mhz: 3040, Mhz Limit: 3801
Processor Information for processor 8
  Max Mhz: 3801, Current Mhz: 3040, Mhz Limit: 3801
Processor Information for processor 9
  Max Mhz: 3801, Current Mhz: 3040, Mhz Limit: 3801
Processor Information for processor 10
  Max Mhz: 3801, Current Mhz: 3040, Mhz Limit: 3801
Processor Information for processor 11
  Max Mhz: 3801, Current Mhz: 3040, Mhz Limit: 3801
Processor Information for processor 12
  Max Mhz: 3801, Current Mhz: 3040, Mhz Limit: 3801
Processor Information for processor 13
  Max Mhz: 3801, Current Mhz: 3040, Mhz Limit: 3801
Processor Information for processor 14
  Max Mhz: 3801, Current Mhz: 3040, Mhz Limit: 3801
Processor Information for processor 15
  Max Mhz: 3801, Current Mhz: 3040, Mhz Limit: 3801

Memory: 4k page, system-wide physical 15631M (1162M free)
TotalPageFile size 49494M (AvailPageFile size 2395M)
current process WorkingSet (physical memory assigned to process): 290M, peak: 366M
current process commit charge ("private bytes"): 316M, peak: 473M

vm_info: OpenJDK 64-Bit Server VM (22.0.2+9-70) for windows-amd64 JRE (22.0.2+9-70), built on 2024-06-04T16:52:23Z by "mach5one" with MS VC++ 17.6 (VS2022)

END.
